ERROR - 2023-10-09 00:00:00 --> mysqli_sql_exception: You have an error in your SQL syntax; check the manual that corresponds to your MariaDB server version for the right syntax to use near 'select' at line 5 in C:\Users\Daniel Monfil\Documents\TEC INF ''A''\5TO SEMESTRE 2023\Taller Base de Datos\blogg_21te0390\system\Database\MySQLi\Connection.php:306
Stack trace:
#0 C:\Users\Daniel Monfil\Documents\TEC INF ''A''\5TO SEMESTRE 2023\Taller Base de Datos\blogg_21te0390\system\Database\MySQLi\Connection.php(306): mysqli->query('select p.*, cou...', 0)
#1 C:\Users\Daniel Monfil\Documents\TEC INF ''A''\5TO SEMESTRE 2023\Taller Base de Datos\blogg_21te0390\system\Database\BaseConnection.php(692): CodeIgniter\Database\MySQLi\Connection->execute('select p.*, cou...')
#2 C:\Users\Daniel Monfil\Documents\TEC INF ''A''\5TO SEMESTRE 2023\Taller Base de Datos\blogg_21te0390\system\Database\BaseConnection.php(606): CodeIgniter\Database\BaseConnection->simpleQuery('select p.*, cou...')
#3 C:\Users\Daniel Monfil\Documents\TEC INF ''A''\5TO SEMESTRE 2023\Taller Base de Datos\blogg_21te0390\app\Controllers\PostController.php(185): CodeIgniter\Database\BaseConnection->query('select p.*, cou...')
#4 C:\Users\Daniel Monfil\Documents\TEC INF ''A''\5TO SEMESTRE 2023\Taller Base de Datos\blogg_21te0390\system\CodeIgniter.php(919): App\Controllers\PostController->ejercicio10()
#5 C:\Users\Daniel Monfil\Documents\TEC INF ''A''\5TO SEMESTRE 2023\Taller Base de Datos\blogg_21te0390\system\CodeIgniter.php(494): CodeIgniter\CodeIgniter->runController(Object(App\Controllers\PostController))
#6 C:\Users\Daniel Monfil\Documents\TEC INF ''A''\5TO SEMESTRE 2023\Taller Base de Datos\blogg_21te0390\system\CodeIgniter.php(353): CodeIgniter\CodeIgniter->handleRequest(NULL, Object(Config\Cache), false)
#7 C:\Users\Daniel Monfil\Documents\TEC INF ''A''\5TO SEMESTRE 2023\Taller Base de Datos\blogg_21te0390\public\index.php(79): CodeIgniter\CodeIgniter->run()
#8 C:\Users\Daniel Monfil\Documents\TEC INF ''A''\5TO SEMESTRE 2023\Taller Base de Datos\blogg_21te0390\system\Commands\Server\rewrite.php(47): require_once('C:\\Users\\Daniel...')
#9 {main}
CRITICAL - 2023-10-09 00:00:00 --> You have an error in your SQL syntax; check the manual that corresponds to your MariaDB server version for the right syntax to use near 'select' at line 5
in SYSTEMPATH\Database\BaseConnection.php on line 646.
 1 APPPATH\Controllers\PostController.php(185): CodeIgniter\Database\BaseConnection->query('select p.*, count(*) as pepm30, u.*, ui.* 
		from posts as p join users as u on p.autor = u.id join userinfo as ui on u.id = ui.id 
		where ui.gender = "f";

		select



		')
 2 SYSTEMPATH\CodeIgniter.php(919): App\Controllers\PostController->ejercicio10()
 3 SYSTEMPATH\CodeIgniter.php(494): CodeIgniter\CodeIgniter->runController(Object(App\Controllers\PostController))
 4 SYSTEMPATH\CodeIgniter.php(353): CodeIgniter\CodeIgniter->handleRequest(null, Object(Config\Cache), false)
 5 FCPATH\index.php(79): CodeIgniter\CodeIgniter->run()
 6 SYSTEMPATH\Commands\Server\rewrite.php(47): require_once('C:\\Users\\Daniel Monfil\\Documents\\TEC INF \'\'A\'\'\\5TO SEMESTRE 2023\\Taller Base de Datos\\blogg_21te0390\\public\\index.php')
ERROR - 2023-10-09 00:00:24 --> mysqli_sql_exception: You have an error in your SQL syntax; check the manual that corresponds to your MariaDB server version for the right syntax to use near 'select birthday from userinfo' at line 5 in C:\Users\Daniel Monfil\Documents\TEC INF ''A''\5TO SEMESTRE 2023\Taller Base de Datos\blogg_21te0390\system\Database\MySQLi\Connection.php:306
Stack trace:
#0 C:\Users\Daniel Monfil\Documents\TEC INF ''A''\5TO SEMESTRE 2023\Taller Base de Datos\blogg_21te0390\system\Database\MySQLi\Connection.php(306): mysqli->query('select p.*, cou...', 0)
#1 C:\Users\Daniel Monfil\Documents\TEC INF ''A''\5TO SEMESTRE 2023\Taller Base de Datos\blogg_21te0390\system\Database\BaseConnection.php(692): CodeIgniter\Database\MySQLi\Connection->execute('select p.*, cou...')
#2 C:\Users\Daniel Monfil\Documents\TEC INF ''A''\5TO SEMESTRE 2023\Taller Base de Datos\blogg_21te0390\system\Database\BaseConnection.php(606): CodeIgniter\Database\BaseConnection->simpleQuery('select p.*, cou...')
#3 C:\Users\Daniel Monfil\Documents\TEC INF ''A''\5TO SEMESTRE 2023\Taller Base de Datos\blogg_21te0390\app\Controllers\PostController.php(185): CodeIgniter\Database\BaseConnection->query('select p.*, cou...')
#4 C:\Users\Daniel Monfil\Documents\TEC INF ''A''\5TO SEMESTRE 2023\Taller Base de Datos\blogg_21te0390\system\CodeIgniter.php(919): App\Controllers\PostController->ejercicio10()
#5 C:\Users\Daniel Monfil\Documents\TEC INF ''A''\5TO SEMESTRE 2023\Taller Base de Datos\blogg_21te0390\system\CodeIgniter.php(494): CodeIgniter\CodeIgniter->runController(Object(App\Controllers\PostController))
#6 C:\Users\Daniel Monfil\Documents\TEC INF ''A''\5TO SEMESTRE 2023\Taller Base de Datos\blogg_21te0390\system\CodeIgniter.php(353): CodeIgniter\CodeIgniter->handleRequest(NULL, Object(Config\Cache), false)
#7 C:\Users\Daniel Monfil\Documents\TEC INF ''A''\5TO SEMESTRE 2023\Taller Base de Datos\blogg_21te0390\public\index.php(79): CodeIgniter\CodeIgniter->run()
#8 C:\Users\Daniel Monfil\Documents\TEC INF ''A''\5TO SEMESTRE 2023\Taller Base de Datos\blogg_21te0390\system\Commands\Server\rewrite.php(47): require_once('C:\\Users\\Daniel...')
#9 {main}
CRITICAL - 2023-10-09 00:00:24 --> You have an error in your SQL syntax; check the manual that corresponds to your MariaDB server version for the right syntax to use near 'select birthday from userinfo' at line 5
in SYSTEMPATH\Database\BaseConnection.php on line 646.
 1 APPPATH\Controllers\PostController.php(185): CodeIgniter\Database\BaseConnection->query('select p.*, count(*) as pepm30, u.*, ui.* 
		from posts as p join users as u on p.autor = u.id join userinfo as ui on u.id = ui.id 
		where ui.gender = "f";

		select birthday from userinfo; 



		')
 2 SYSTEMPATH\CodeIgniter.php(919): App\Controllers\PostController->ejercicio10()
 3 SYSTEMPATH\CodeIgniter.php(494): CodeIgniter\CodeIgniter->runController(Object(App\Controllers\PostController))
 4 SYSTEMPATH\CodeIgniter.php(353): CodeIgniter\CodeIgniter->handleRequest(null, Object(Config\Cache), false)
 5 FCPATH\index.php(79): CodeIgniter\CodeIgniter->run()
 6 SYSTEMPATH\Commands\Server\rewrite.php(47): require_once('C:\\Users\\Daniel Monfil\\Documents\\TEC INF \'\'A\'\'\\5TO SEMESTRE 2023\\Taller Base de Datos\\blogg_21te0390\\public\\index.php')
ERROR - 2023-10-09 00:01:03 --> mysqli_sql_exception: You have an error in your SQL syntax; check the manual that corresponds to your MariaDB server version for the right syntax to use near 'select category from categories' at line 5 in C:\Users\Daniel Monfil\Documents\TEC INF ''A''\5TO SEMESTRE 2023\Taller Base de Datos\blogg_21te0390\system\Database\MySQLi\Connection.php:306
Stack trace:
#0 C:\Users\Daniel Monfil\Documents\TEC INF ''A''\5TO SEMESTRE 2023\Taller Base de Datos\blogg_21te0390\system\Database\MySQLi\Connection.php(306): mysqli->query('select p.*, cou...', 0)
#1 C:\Users\Daniel Monfil\Documents\TEC INF ''A''\5TO SEMESTRE 2023\Taller Base de Datos\blogg_21te0390\system\Database\BaseConnection.php(692): CodeIgniter\Database\MySQLi\Connection->execute('select p.*, cou...')
#2 C:\Users\Daniel Monfil\Documents\TEC INF ''A''\5TO SEMESTRE 2023\Taller Base de Datos\blogg_21te0390\system\Database\BaseConnection.php(606): CodeIgniter\Database\BaseConnection->simpleQuery('select p.*, cou...')
#3 C:\Users\Daniel Monfil\Documents\TEC INF ''A''\5TO SEMESTRE 2023\Taller Base de Datos\blogg_21te0390\app\Controllers\PostController.php(185): CodeIgniter\Database\BaseConnection->query('select p.*, cou...')
#4 C:\Users\Daniel Monfil\Documents\TEC INF ''A''\5TO SEMESTRE 2023\Taller Base de Datos\blogg_21te0390\system\CodeIgniter.php(919): App\Controllers\PostController->ejercicio10()
#5 C:\Users\Daniel Monfil\Documents\TEC INF ''A''\5TO SEMESTRE 2023\Taller Base de Datos\blogg_21te0390\system\CodeIgniter.php(494): CodeIgniter\CodeIgniter->runController(Object(App\Controllers\PostController))
#6 C:\Users\Daniel Monfil\Documents\TEC INF ''A''\5TO SEMESTRE 2023\Taller Base de Datos\blogg_21te0390\system\CodeIgniter.php(353): CodeIgniter\CodeIgniter->handleRequest(NULL, Object(Config\Cache), false)
#7 C:\Users\Daniel Monfil\Documents\TEC INF ''A''\5TO SEMESTRE 2023\Taller Base de Datos\blogg_21te0390\public\index.php(79): CodeIgniter\CodeIgniter->run()
#8 C:\Users\Daniel Monfil\Documents\TEC INF ''A''\5TO SEMESTRE 2023\Taller Base de Datos\blogg_21te0390\system\Commands\Server\rewrite.php(47): require_once('C:\\Users\\Daniel...')
#9 {main}
CRITICAL - 2023-10-09 00:01:03 --> You have an error in your SQL syntax; check the manual that corresponds to your MariaDB server version for the right syntax to use near 'select category from categories' at line 5
in SYSTEMPATH\Database\BaseConnection.php on line 646.
 1 APPPATH\Controllers\PostController.php(185): CodeIgniter\Database\BaseConnection->query('select p.*, count(*) as pepm30, u.*, ui.* 
		from posts as p join users as u on p.autor = u.id join userinfo as ui on u.id = ui.id 
		where ui.gender = "f"

		select category from categories; 



		')
 2 SYSTEMPATH\CodeIgniter.php(919): App\Controllers\PostController->ejercicio10()
 3 SYSTEMPATH\CodeIgniter.php(494): CodeIgniter\CodeIgniter->runController(Object(App\Controllers\PostController))
 4 SYSTEMPATH\CodeIgniter.php(353): CodeIgniter\CodeIgniter->handleRequest(null, Object(Config\Cache), false)
 5 FCPATH\index.php(79): CodeIgniter\CodeIgniter->run()
 6 SYSTEMPATH\Commands\Server\rewrite.php(47): require_once('C:\\Users\\Daniel Monfil\\Documents\\TEC INF \'\'A\'\'\\5TO SEMESTRE 2023\\Taller Base de Datos\\blogg_21te0390\\public\\index.php')
ERROR - 2023-10-09 00:01:10 --> mysqli_sql_exception: You have an error in your SQL syntax; check the manual that corresponds to your MariaDB server version for the right syntax to use near '

		select category from categories' at line 3 in C:\Users\Daniel Monfil\Documents\TEC INF ''A''\5TO SEMESTRE 2023\Taller Base de Datos\blogg_21te0390\system\Database\MySQLi\Connection.php:306
Stack trace:
#0 C:\Users\Daniel Monfil\Documents\TEC INF ''A''\5TO SEMESTRE 2023\Taller Base de Datos\blogg_21te0390\system\Database\MySQLi\Connection.php(306): mysqli->query('select p.*, cou...', 0)
#1 C:\Users\Daniel Monfil\Documents\TEC INF ''A''\5TO SEMESTRE 2023\Taller Base de Datos\blogg_21te0390\system\Database\BaseConnection.php(692): CodeIgniter\Database\MySQLi\Connection->execute('select p.*, cou...')
#2 C:\Users\Daniel Monfil\Documents\TEC INF ''A''\5TO SEMESTRE 2023\Taller Base de Datos\blogg_21te0390\system\Database\BaseConnection.php(606): CodeIgniter\Database\BaseConnection->simpleQuery('select p.*, cou...')
#3 C:\Users\Daniel Monfil\Documents\TEC INF ''A''\5TO SEMESTRE 2023\Taller Base de Datos\blogg_21te0390\app\Controllers\PostController.php(185): CodeIgniter\Database\BaseConnection->query('select p.*, cou...')
#4 C:\Users\Daniel Monfil\Documents\TEC INF ''A''\5TO SEMESTRE 2023\Taller Base de Datos\blogg_21te0390\system\CodeIgniter.php(919): App\Controllers\PostController->ejercicio10()
#5 C:\Users\Daniel Monfil\Documents\TEC INF ''A''\5TO SEMESTRE 2023\Taller Base de Datos\blogg_21te0390\system\CodeIgniter.php(494): CodeIgniter\CodeIgniter->runController(Object(App\Controllers\PostController))
#6 C:\Users\Daniel Monfil\Documents\TEC INF ''A''\5TO SEMESTRE 2023\Taller Base de Datos\blogg_21te0390\system\CodeIgniter.php(353): CodeIgniter\CodeIgniter->handleRequest(NULL, Object(Config\Cache), false)
#7 C:\Users\Daniel Monfil\Documents\TEC INF ''A''\5TO SEMESTRE 2023\Taller Base de Datos\blogg_21te0390\public\index.php(79): CodeIgniter\CodeIgniter->run()
#8 C:\Users\Daniel Monfil\Documents\TEC INF ''A''\5TO SEMESTRE 2023\Taller Base de Datos\blogg_21te0390\system\Commands\Server\rewrite.php(47): require_once('C:\\Users\\Daniel...')
#9 {main}
CRITICAL - 2023-10-09 00:01:10 --> You have an error in your SQL syntax; check the manual that corresponds to your MariaDB server version for the right syntax to use near '

		select category from categories' at line 3
in SYSTEMPATH\Database\BaseConnection.php on line 646.
 1 APPPATH\Controllers\PostController.php(185): CodeIgniter\Database\BaseConnection->query('select p.*, count(*) as pepm30, u.*, ui.* 
		from posts as p join users as u on p.autor = u.id join userinfo as ui on u.id = ui.id 
		where ui.gender = "f",

		select category from categories; 



		')
 2 SYSTEMPATH\CodeIgniter.php(919): App\Controllers\PostController->ejercicio10()
 3 SYSTEMPATH\CodeIgniter.php(494): CodeIgniter\CodeIgniter->runController(Object(App\Controllers\PostController))
 4 SYSTEMPATH\CodeIgniter.php(353): CodeIgniter\CodeIgniter->handleRequest(null, Object(Config\Cache), false)
 5 FCPATH\index.php(79): CodeIgniter\CodeIgniter->run()
 6 SYSTEMPATH\Commands\Server\rewrite.php(47): require_once('C:\\Users\\Daniel Monfil\\Documents\\TEC INF \'\'A\'\'\\5TO SEMESTRE 2023\\Taller Base de Datos\\blogg_21te0390\\public\\index.php')
ERROR - 2023-10-09 00:01:19 --> mysqli_sql_exception: You have an error in your SQL syntax; check the manual that corresponds to your MariaDB server version for the right syntax to use near '
		select category from categories' at line 3 in C:\Users\Daniel Monfil\Documents\TEC INF ''A''\5TO SEMESTRE 2023\Taller Base de Datos\blogg_21te0390\system\Database\MySQLi\Connection.php:306
Stack trace:
#0 C:\Users\Daniel Monfil\Documents\TEC INF ''A''\5TO SEMESTRE 2023\Taller Base de Datos\blogg_21te0390\system\Database\MySQLi\Connection.php(306): mysqli->query('select p.*, cou...', 0)
#1 C:\Users\Daniel Monfil\Documents\TEC INF ''A''\5TO SEMESTRE 2023\Taller Base de Datos\blogg_21te0390\system\Database\BaseConnection.php(692): CodeIgniter\Database\MySQLi\Connection->execute('select p.*, cou...')
#2 C:\Users\Daniel Monfil\Documents\TEC INF ''A''\5TO SEMESTRE 2023\Taller Base de Datos\blogg_21te0390\system\Database\BaseConnection.php(606): CodeIgniter\Database\BaseConnection->simpleQuery('select p.*, cou...')
#3 C:\Users\Daniel Monfil\Documents\TEC INF ''A''\5TO SEMESTRE 2023\Taller Base de Datos\blogg_21te0390\app\Controllers\PostController.php(185): CodeIgniter\Database\BaseConnection->query('select p.*, cou...')
#4 C:\Users\Daniel Monfil\Documents\TEC INF ''A''\5TO SEMESTRE 2023\Taller Base de Datos\blogg_21te0390\system\CodeIgniter.php(919): App\Controllers\PostController->ejercicio10()
#5 C:\Users\Daniel Monfil\Documents\TEC INF ''A''\5TO SEMESTRE 2023\Taller Base de Datos\blogg_21te0390\system\CodeIgniter.php(494): CodeIgniter\CodeIgniter->runController(Object(App\Controllers\PostController))
#6 C:\Users\Daniel Monfil\Documents\TEC INF ''A''\5TO SEMESTRE 2023\Taller Base de Datos\blogg_21te0390\system\CodeIgniter.php(353): CodeIgniter\CodeIgniter->handleRequest(NULL, Object(Config\Cache), false)
#7 C:\Users\Daniel Monfil\Documents\TEC INF ''A''\5TO SEMESTRE 2023\Taller Base de Datos\blogg_21te0390\public\index.php(79): CodeIgniter\CodeIgniter->run()
#8 C:\Users\Daniel Monfil\Documents\TEC INF ''A''\5TO SEMESTRE 2023\Taller Base de Datos\blogg_21te0390\system\Commands\Server\rewrite.php(47): require_once('C:\\Users\\Daniel...')
#9 {main}
CRITICAL - 2023-10-09 00:01:19 --> You have an error in your SQL syntax; check the manual that corresponds to your MariaDB server version for the right syntax to use near '
		select category from categories' at line 3
in SYSTEMPATH\Database\BaseConnection.php on line 646.
 1 APPPATH\Controllers\PostController.php(185): CodeIgniter\Database\BaseConnection->query('select p.*, count(*) as pepm30, u.*, ui.* 
		from posts as p join users as u on p.autor = u.id join userinfo as ui on u.id = ui.id 
		where ui.gender = "f",
		select category from categories; 



		')
 2 SYSTEMPATH\CodeIgniter.php(919): App\Controllers\PostController->ejercicio10()
 3 SYSTEMPATH\CodeIgniter.php(494): CodeIgniter\CodeIgniter->runController(Object(App\Controllers\PostController))
 4 SYSTEMPATH\CodeIgniter.php(353): CodeIgniter\CodeIgniter->handleRequest(null, Object(Config\Cache), false)
 5 FCPATH\index.php(79): CodeIgniter\CodeIgniter->run()
 6 SYSTEMPATH\Commands\Server\rewrite.php(47): require_once('C:\\Users\\Daniel Monfil\\Documents\\TEC INF \'\'A\'\'\\5TO SEMESTRE 2023\\Taller Base de Datos\\blogg_21te0390\\public\\index.php')
ERROR - 2023-10-09 00:03:43 --> mysqli_sql_exception: You have an error in your SQL syntax; check the manual that corresponds to your MariaDB server version for the right syntax to use near 'select birthday from userinfo' at line 4 in C:\Users\Daniel Monfil\Documents\TEC INF ''A''\5TO SEMESTRE 2023\Taller Base de Datos\blogg_21te0390\system\Database\MySQLi\Connection.php:306
Stack trace:
#0 C:\Users\Daniel Monfil\Documents\TEC INF ''A''\5TO SEMESTRE 2023\Taller Base de Datos\blogg_21te0390\system\Database\MySQLi\Connection.php(306): mysqli->query('select p.*, cou...', 0)
#1 C:\Users\Daniel Monfil\Documents\TEC INF ''A''\5TO SEMESTRE 2023\Taller Base de Datos\blogg_21te0390\system\Database\BaseConnection.php(692): CodeIgniter\Database\MySQLi\Connection->execute('select p.*, cou...')
#2 C:\Users\Daniel Monfil\Documents\TEC INF ''A''\5TO SEMESTRE 2023\Taller Base de Datos\blogg_21te0390\system\Database\BaseConnection.php(606): CodeIgniter\Database\BaseConnection->simpleQuery('select p.*, cou...')
#3 C:\Users\Daniel Monfil\Documents\TEC INF ''A''\5TO SEMESTRE 2023\Taller Base de Datos\blogg_21te0390\app\Controllers\PostController.php(185): CodeIgniter\Database\BaseConnection->query('select p.*, cou...')
#4 C:\Users\Daniel Monfil\Documents\TEC INF ''A''\5TO SEMESTRE 2023\Taller Base de Datos\blogg_21te0390\system\CodeIgniter.php(919): App\Controllers\PostController->ejercicio10()
#5 C:\Users\Daniel Monfil\Documents\TEC INF ''A''\5TO SEMESTRE 2023\Taller Base de Datos\blogg_21te0390\system\CodeIgniter.php(494): CodeIgniter\CodeIgniter->runController(Object(App\Controllers\PostController))
#6 C:\Users\Daniel Monfil\Documents\TEC INF ''A''\5TO SEMESTRE 2023\Taller Base de Datos\blogg_21te0390\system\CodeIgniter.php(353): CodeIgniter\CodeIgniter->handleRequest(NULL, Object(Config\Cache), false)
#7 C:\Users\Daniel Monfil\Documents\TEC INF ''A''\5TO SEMESTRE 2023\Taller Base de Datos\blogg_21te0390\public\index.php(79): CodeIgniter\CodeIgniter->run()
#8 C:\Users\Daniel Monfil\Documents\TEC INF ''A''\5TO SEMESTRE 2023\Taller Base de Datos\blogg_21te0390\system\Commands\Server\rewrite.php(47): require_once('C:\\Users\\Daniel...')
#9 {main}
CRITICAL - 2023-10-09 00:03:43 --> You have an error in your SQL syntax; check the manual that corresponds to your MariaDB server version for the right syntax to use near 'select birthday from userinfo' at line 4
in SYSTEMPATH\Database\BaseConnection.php on line 646.
 1 APPPATH\Controllers\PostController.php(185): CodeIgniter\Database\BaseConnection->query('select p.*, count(*) as pepm30, u.*, ui.* 
		from posts as p join users as u on p.autor = u.id join userinfo as ui on u.id = ui.id 
		where ui.gender = "f" and
		select birthday from userinfo; 



		')
 2 SYSTEMPATH\CodeIgniter.php(919): App\Controllers\PostController->ejercicio10()
 3 SYSTEMPATH\CodeIgniter.php(494): CodeIgniter\CodeIgniter->runController(Object(App\Controllers\PostController))
 4 SYSTEMPATH\CodeIgniter.php(353): CodeIgniter\CodeIgniter->handleRequest(null, Object(Config\Cache), false)
 5 FCPATH\index.php(79): CodeIgniter\CodeIgniter->run()
 6 SYSTEMPATH\Commands\Server\rewrite.php(47): require_once('C:\\Users\\Daniel Monfil\\Documents\\TEC INF \'\'A\'\'\\5TO SEMESTRE 2023\\Taller Base de Datos\\blogg_21te0390\\public\\index.php')
ERROR - 2023-10-09 00:03:52 --> mysqli_sql_exception: You have an error in your SQL syntax; check the manual that corresponds to your MariaDB server version for the right syntax to use near '' at line 3 in C:\Users\Daniel Monfil\Documents\TEC INF ''A''\5TO SEMESTRE 2023\Taller Base de Datos\blogg_21te0390\system\Database\MySQLi\Connection.php:306
Stack trace:
#0 C:\Users\Daniel Monfil\Documents\TEC INF ''A''\5TO SEMESTRE 2023\Taller Base de Datos\blogg_21te0390\system\Database\MySQLi\Connection.php(306): mysqli->query('select p.*, cou...', 0)
#1 C:\Users\Daniel Monfil\Documents\TEC INF ''A''\5TO SEMESTRE 2023\Taller Base de Datos\blogg_21te0390\system\Database\BaseConnection.php(692): CodeIgniter\Database\MySQLi\Connection->execute('select p.*, cou...')
#2 C:\Users\Daniel Monfil\Documents\TEC INF ''A''\5TO SEMESTRE 2023\Taller Base de Datos\blogg_21te0390\system\Database\BaseConnection.php(606): CodeIgniter\Database\BaseConnection->simpleQuery('select p.*, cou...')
#3 C:\Users\Daniel Monfil\Documents\TEC INF ''A''\5TO SEMESTRE 2023\Taller Base de Datos\blogg_21te0390\app\Controllers\PostController.php(185): CodeIgniter\Database\BaseConnection->query('select p.*, cou...')
#4 C:\Users\Daniel Monfil\Documents\TEC INF ''A''\5TO SEMESTRE 2023\Taller Base de Datos\blogg_21te0390\system\CodeIgniter.php(919): App\Controllers\PostController->ejercicio10()
#5 C:\Users\Daniel Monfil\Documents\TEC INF ''A''\5TO SEMESTRE 2023\Taller Base de Datos\blogg_21te0390\system\CodeIgniter.php(494): CodeIgniter\CodeIgniter->runController(Object(App\Controllers\PostController))
#6 C:\Users\Daniel Monfil\Documents\TEC INF ''A''\5TO SEMESTRE 2023\Taller Base de Datos\blogg_21te0390\system\CodeIgniter.php(353): CodeIgniter\CodeIgniter->handleRequest(NULL, Object(Config\Cache), false)
#7 C:\Users\Daniel Monfil\Documents\TEC INF ''A''\5TO SEMESTRE 2023\Taller Base de Datos\blogg_21te0390\public\index.php(79): CodeIgniter\CodeIgniter->run()
#8 C:\Users\Daniel Monfil\Documents\TEC INF ''A''\5TO SEMESTRE 2023\Taller Base de Datos\blogg_21te0390\system\Commands\Server\rewrite.php(47): require_once('C:\\Users\\Daniel...')
#9 {main}
CRITICAL - 2023-10-09 00:03:52 --> You have an error in your SQL syntax; check the manual that corresponds to your MariaDB server version for the right syntax to use near '' at line 3
in SYSTEMPATH\Database\BaseConnection.php on line 646.
 1 APPPATH\Controllers\PostController.php(185): CodeIgniter\Database\BaseConnection->query('select p.*, count(*) as pepm30, u.*, ui.* 
		from posts as p join users as u on p.autor = u.id join userinfo as ui on u.id = ui.id 
		where ui.gender = "f" and



		')
 2 SYSTEMPATH\CodeIgniter.php(919): App\Controllers\PostController->ejercicio10()
 3 SYSTEMPATH\CodeIgniter.php(494): CodeIgniter\CodeIgniter->runController(Object(App\Controllers\PostController))
 4 SYSTEMPATH\CodeIgniter.php(353): CodeIgniter\CodeIgniter->handleRequest(null, Object(Config\Cache), false)
 5 FCPATH\index.php(79): CodeIgniter\CodeIgniter->run()
 6 SYSTEMPATH\Commands\Server\rewrite.php(47): require_once('C:\\Users\\Daniel Monfil\\Documents\\TEC INF \'\'A\'\'\\5TO SEMESTRE 2023\\Taller Base de Datos\\blogg_21te0390\\public\\index.php')
ERROR - 2023-10-09 00:05:53 --> mysqli_sql_exception: You have an error in your SQL syntax; check the manual that corresponds to your MariaDB server version for the right syntax to use near 'as edad from userinfo' at line 3 in C:\Users\Daniel Monfil\Documents\TEC INF ''A''\5TO SEMESTRE 2023\Taller Base de Datos\blogg_21te0390\system\Database\MySQLi\Connection.php:306
Stack trace:
#0 C:\Users\Daniel Monfil\Documents\TEC INF ''A''\5TO SEMESTRE 2023\Taller Base de Datos\blogg_21te0390\system\Database\MySQLi\Connection.php(306): mysqli->query('select p.*, cou...', 0)
#1 C:\Users\Daniel Monfil\Documents\TEC INF ''A''\5TO SEMESTRE 2023\Taller Base de Datos\blogg_21te0390\system\Database\BaseConnection.php(692): CodeIgniter\Database\MySQLi\Connection->execute('select p.*, cou...')
#2 C:\Users\Daniel Monfil\Documents\TEC INF ''A''\5TO SEMESTRE 2023\Taller Base de Datos\blogg_21te0390\system\Database\BaseConnection.php(606): CodeIgniter\Database\BaseConnection->simpleQuery('select p.*, cou...')
#3 C:\Users\Daniel Monfil\Documents\TEC INF ''A''\5TO SEMESTRE 2023\Taller Base de Datos\blogg_21te0390\app\Controllers\PostController.php(185): CodeIgniter\Database\BaseConnection->query('select p.*, cou...')
#4 C:\Users\Daniel Monfil\Documents\TEC INF ''A''\5TO SEMESTRE 2023\Taller Base de Datos\blogg_21te0390\system\CodeIgniter.php(919): App\Controllers\PostController->ejercicio10()
#5 C:\Users\Daniel Monfil\Documents\TEC INF ''A''\5TO SEMESTRE 2023\Taller Base de Datos\blogg_21te0390\system\CodeIgniter.php(494): CodeIgniter\CodeIgniter->runController(Object(App\Controllers\PostController))
#6 C:\Users\Daniel Monfil\Documents\TEC INF ''A''\5TO SEMESTRE 2023\Taller Base de Datos\blogg_21te0390\system\CodeIgniter.php(353): CodeIgniter\CodeIgniter->handleRequest(NULL, Object(Config\Cache), false)
#7 C:\Users\Daniel Monfil\Documents\TEC INF ''A''\5TO SEMESTRE 2023\Taller Base de Datos\blogg_21te0390\public\index.php(79): CodeIgniter\CodeIgniter->run()
#8 C:\Users\Daniel Monfil\Documents\TEC INF ''A''\5TO SEMESTRE 2023\Taller Base de Datos\blogg_21te0390\system\Commands\Server\rewrite.php(47): require_once('C:\\Users\\Daniel...')
#9 {main}
CRITICAL - 2023-10-09 00:05:53 --> You have an error in your SQL syntax; check the manual that corresponds to your MariaDB server version for the right syntax to use near 'as edad from userinfo' at line 3
in SYSTEMPATH\Database\BaseConnection.php on line 646.
 1 APPPATH\Controllers\PostController.php(185): CodeIgniter\Database\BaseConnection->query('select p.*, count(*) as pepm30, u.*, ui.* 
		from posts as p join users as u on p.autor = u.id join userinfo as ui on u.id = ui.id 
		where ui.gender = "f" and date_part (2023/10/08) - ("birthday") as edad from userinfo;



		')
 2 SYSTEMPATH\CodeIgniter.php(919): App\Controllers\PostController->ejercicio10()
 3 SYSTEMPATH\CodeIgniter.php(494): CodeIgniter\CodeIgniter->runController(Object(App\Controllers\PostController))
 4 SYSTEMPATH\CodeIgniter.php(353): CodeIgniter\CodeIgniter->handleRequest(null, Object(Config\Cache), false)
 5 FCPATH\index.php(79): CodeIgniter\CodeIgniter->run()
 6 SYSTEMPATH\Commands\Server\rewrite.php(47): require_once('C:\\Users\\Daniel Monfil\\Documents\\TEC INF \'\'A\'\'\\5TO SEMESTRE 2023\\Taller Base de Datos\\blogg_21te0390\\public\\index.php')
ERROR - 2023-10-09 00:06:07 --> mysqli_sql_exception: You have an error in your SQL syntax; check the manual that corresponds to your MariaDB server version for the right syntax to use near 'as edad' at line 3 in C:\Users\Daniel Monfil\Documents\TEC INF ''A''\5TO SEMESTRE 2023\Taller Base de Datos\blogg_21te0390\system\Database\MySQLi\Connection.php:306
Stack trace:
#0 C:\Users\Daniel Monfil\Documents\TEC INF ''A''\5TO SEMESTRE 2023\Taller Base de Datos\blogg_21te0390\system\Database\MySQLi\Connection.php(306): mysqli->query('select p.*, cou...', 0)
#1 C:\Users\Daniel Monfil\Documents\TEC INF ''A''\5TO SEMESTRE 2023\Taller Base de Datos\blogg_21te0390\system\Database\BaseConnection.php(692): CodeIgniter\Database\MySQLi\Connection->execute('select p.*, cou...')
#2 C:\Users\Daniel Monfil\Documents\TEC INF ''A''\5TO SEMESTRE 2023\Taller Base de Datos\blogg_21te0390\system\Database\BaseConnection.php(606): CodeIgniter\Database\BaseConnection->simpleQuery('select p.*, cou...')
#3 C:\Users\Daniel Monfil\Documents\TEC INF ''A''\5TO SEMESTRE 2023\Taller Base de Datos\blogg_21te0390\app\Controllers\PostController.php(185): CodeIgniter\Database\BaseConnection->query('select p.*, cou...')
#4 C:\Users\Daniel Monfil\Documents\TEC INF ''A''\5TO SEMESTRE 2023\Taller Base de Datos\blogg_21te0390\system\CodeIgniter.php(919): App\Controllers\PostController->ejercicio10()
#5 C:\Users\Daniel Monfil\Documents\TEC INF ''A''\5TO SEMESTRE 2023\Taller Base de Datos\blogg_21te0390\system\CodeIgniter.php(494): CodeIgniter\CodeIgniter->runController(Object(App\Controllers\PostController))
#6 C:\Users\Daniel Monfil\Documents\TEC INF ''A''\5TO SEMESTRE 2023\Taller Base de Datos\blogg_21te0390\system\CodeIgniter.php(353): CodeIgniter\CodeIgniter->handleRequest(NULL, Object(Config\Cache), false)
#7 C:\Users\Daniel Monfil\Documents\TEC INF ''A''\5TO SEMESTRE 2023\Taller Base de Datos\blogg_21te0390\public\index.php(79): CodeIgniter\CodeIgniter->run()
#8 C:\Users\Daniel Monfil\Documents\TEC INF ''A''\5TO SEMESTRE 2023\Taller Base de Datos\blogg_21te0390\system\Commands\Server\rewrite.php(47): require_once('C:\\Users\\Daniel...')
#9 {main}
CRITICAL - 2023-10-09 00:06:07 --> You have an error in your SQL syntax; check the manual that corresponds to your MariaDB server version for the right syntax to use near 'as edad' at line 3
in SYSTEMPATH\Database\BaseConnection.php on line 646.
 1 APPPATH\Controllers\PostController.php(185): CodeIgniter\Database\BaseConnection->query('select p.*, count(*) as pepm30, u.*, ui.* 
		from posts as p join users as u on p.autor = u.id join userinfo as ui on u.id = ui.id 
		where ui.gender = "f" and date_part (2023/10/08) - ("birthday") as edad;



		')
 2 SYSTEMPATH\CodeIgniter.php(919): App\Controllers\PostController->ejercicio10()
 3 SYSTEMPATH\CodeIgniter.php(494): CodeIgniter\CodeIgniter->runController(Object(App\Controllers\PostController))
 4 SYSTEMPATH\CodeIgniter.php(353): CodeIgniter\CodeIgniter->handleRequest(null, Object(Config\Cache), false)
 5 FCPATH\index.php(79): CodeIgniter\CodeIgniter->run()
 6 SYSTEMPATH\Commands\Server\rewrite.php(47): require_once('C:\\Users\\Daniel Monfil\\Documents\\TEC INF \'\'A\'\'\\5TO SEMESTRE 2023\\Taller Base de Datos\\blogg_21te0390\\public\\index.php')
ERROR - 2023-10-09 00:06:23 --> mysqli_sql_exception: FUNCTION blogg.date_part does not exist in C:\Users\Daniel Monfil\Documents\TEC INF ''A''\5TO SEMESTRE 2023\Taller Base de Datos\blogg_21te0390\system\Database\MySQLi\Connection.php:306
Stack trace:
#0 C:\Users\Daniel Monfil\Documents\TEC INF ''A''\5TO SEMESTRE 2023\Taller Base de Datos\blogg_21te0390\system\Database\MySQLi\Connection.php(306): mysqli->query('select p.*, cou...', 0)
#1 C:\Users\Daniel Monfil\Documents\TEC INF ''A''\5TO SEMESTRE 2023\Taller Base de Datos\blogg_21te0390\system\Database\BaseConnection.php(692): CodeIgniter\Database\MySQLi\Connection->execute('select p.*, cou...')
#2 C:\Users\Daniel Monfil\Documents\TEC INF ''A''\5TO SEMESTRE 2023\Taller Base de Datos\blogg_21te0390\system\Database\BaseConnection.php(606): CodeIgniter\Database\BaseConnection->simpleQuery('select p.*, cou...')
#3 C:\Users\Daniel Monfil\Documents\TEC INF ''A''\5TO SEMESTRE 2023\Taller Base de Datos\blogg_21te0390\app\Controllers\PostController.php(185): CodeIgniter\Database\BaseConnection->query('select p.*, cou...')
#4 C:\Users\Daniel Monfil\Documents\TEC INF ''A''\5TO SEMESTRE 2023\Taller Base de Datos\blogg_21te0390\system\CodeIgniter.php(919): App\Controllers\PostController->ejercicio10()
#5 C:\Users\Daniel Monfil\Documents\TEC INF ''A''\5TO SEMESTRE 2023\Taller Base de Datos\blogg_21te0390\system\CodeIgniter.php(494): CodeIgniter\CodeIgniter->runController(Object(App\Controllers\PostController))
#6 C:\Users\Daniel Monfil\Documents\TEC INF ''A''\5TO SEMESTRE 2023\Taller Base de Datos\blogg_21te0390\system\CodeIgniter.php(353): CodeIgniter\CodeIgniter->handleRequest(NULL, Object(Config\Cache), false)
#7 C:\Users\Daniel Monfil\Documents\TEC INF ''A''\5TO SEMESTRE 2023\Taller Base de Datos\blogg_21te0390\public\index.php(79): CodeIgniter\CodeIgniter->run()
#8 C:\Users\Daniel Monfil\Documents\TEC INF ''A''\5TO SEMESTRE 2023\Taller Base de Datos\blogg_21te0390\system\Commands\Server\rewrite.php(47): require_once('C:\\Users\\Daniel...')
#9 {main}
CRITICAL - 2023-10-09 00:06:23 --> FUNCTION blogg.date_part does not exist
in SYSTEMPATH\Database\BaseConnection.php on line 646.
 1 APPPATH\Controllers\PostController.php(185): CodeIgniter\Database\BaseConnection->query('select p.*, count(*) as pepm30, u.*, ui.* 
		from posts as p join users as u on p.autor = u.id join userinfo as ui on u.id = ui.id 
		where ui.gender = "f" and date_part (2023/10/08) - ("birthday");



		')
 2 SYSTEMPATH\CodeIgniter.php(919): App\Controllers\PostController->ejercicio10()
 3 SYSTEMPATH\CodeIgniter.php(494): CodeIgniter\CodeIgniter->runController(Object(App\Controllers\PostController))
 4 SYSTEMPATH\CodeIgniter.php(353): CodeIgniter\CodeIgniter->handleRequest(null, Object(Config\Cache), false)
 5 FCPATH\index.php(79): CodeIgniter\CodeIgniter->run()
 6 SYSTEMPATH\Commands\Server\rewrite.php(47): require_once('C:\\Users\\Daniel Monfil\\Documents\\TEC INF \'\'A\'\'\\5TO SEMESTRE 2023\\Taller Base de Datos\\blogg_21te0390\\public\\index.php')
ERROR - 2023-10-09 00:06:40 --> mysqli_sql_exception: You have an error in your SQL syntax; check the manual that corresponds to your MariaDB server version for the right syntax to use near 'where date_part (2023/10/08) - ("birthday")' at line 3 in C:\Users\Daniel Monfil\Documents\TEC INF ''A''\5TO SEMESTRE 2023\Taller Base de Datos\blogg_21te0390\system\Database\MySQLi\Connection.php:306
Stack trace:
#0 C:\Users\Daniel Monfil\Documents\TEC INF ''A''\5TO SEMESTRE 2023\Taller Base de Datos\blogg_21te0390\system\Database\MySQLi\Connection.php(306): mysqli->query('select p.*, cou...', 0)
#1 C:\Users\Daniel Monfil\Documents\TEC INF ''A''\5TO SEMESTRE 2023\Taller Base de Datos\blogg_21te0390\system\Database\BaseConnection.php(692): CodeIgniter\Database\MySQLi\Connection->execute('select p.*, cou...')
#2 C:\Users\Daniel Monfil\Documents\TEC INF ''A''\5TO SEMESTRE 2023\Taller Base de Datos\blogg_21te0390\system\Database\BaseConnection.php(606): CodeIgniter\Database\BaseConnection->simpleQuery('select p.*, cou...')
#3 C:\Users\Daniel Monfil\Documents\TEC INF ''A''\5TO SEMESTRE 2023\Taller Base de Datos\blogg_21te0390\app\Controllers\PostController.php(185): CodeIgniter\Database\BaseConnection->query('select p.*, cou...')
#4 C:\Users\Daniel Monfil\Documents\TEC INF ''A''\5TO SEMESTRE 2023\Taller Base de Datos\blogg_21te0390\system\CodeIgniter.php(919): App\Controllers\PostController->ejercicio10()
#5 C:\Users\Daniel Monfil\Documents\TEC INF ''A''\5TO SEMESTRE 2023\Taller Base de Datos\blogg_21te0390\system\CodeIgniter.php(494): CodeIgniter\CodeIgniter->runController(Object(App\Controllers\PostController))
#6 C:\Users\Daniel Monfil\Documents\TEC INF ''A''\5TO SEMESTRE 2023\Taller Base de Datos\blogg_21te0390\system\CodeIgniter.php(353): CodeIgniter\CodeIgniter->handleRequest(NULL, Object(Config\Cache), false)
#7 C:\Users\Daniel Monfil\Documents\TEC INF ''A''\5TO SEMESTRE 2023\Taller Base de Datos\blogg_21te0390\public\index.php(79): CodeIgniter\CodeIgniter->run()
#8 C:\Users\Daniel Monfil\Documents\TEC INF ''A''\5TO SEMESTRE 2023\Taller Base de Datos\blogg_21te0390\system\Commands\Server\rewrite.php(47): require_once('C:\\Users\\Daniel...')
#9 {main}
CRITICAL - 2023-10-09 00:06:40 --> You have an error in your SQL syntax; check the manual that corresponds to your MariaDB server version for the right syntax to use near 'where date_part (2023/10/08) - ("birthday")' at line 3
in SYSTEMPATH\Database\BaseConnection.php on line 646.
 1 APPPATH\Controllers\PostController.php(185): CodeIgniter\Database\BaseConnection->query('select p.*, count(*) as pepm30, u.*, ui.* 
		from posts as p join users as u on p.autor = u.id join userinfo as ui on u.id = ui.id 
		where ui.gender = "f" and where date_part (2023/10/08) - ("birthday");



		')
 2 SYSTEMPATH\CodeIgniter.php(919): App\Controllers\PostController->ejercicio10()
 3 SYSTEMPATH\CodeIgniter.php(494): CodeIgniter\CodeIgniter->runController(Object(App\Controllers\PostController))
 4 SYSTEMPATH\CodeIgniter.php(353): CodeIgniter\CodeIgniter->handleRequest(null, Object(Config\Cache), false)
 5 FCPATH\index.php(79): CodeIgniter\CodeIgniter->run()
 6 SYSTEMPATH\Commands\Server\rewrite.php(47): require_once('C:\\Users\\Daniel Monfil\\Documents\\TEC INF \'\'A\'\'\\5TO SEMESTRE 2023\\Taller Base de Datos\\blogg_21te0390\\public\\index.php')
ERROR - 2023-10-09 00:07:49 --> mysqli_sql_exception: FUNCTION blogg.date_part does not exist in C:\Users\Daniel Monfil\Documents\TEC INF ''A''\5TO SEMESTRE 2023\Taller Base de Datos\blogg_21te0390\system\Database\MySQLi\Connection.php:306
Stack trace:
#0 C:\Users\Daniel Monfil\Documents\TEC INF ''A''\5TO SEMESTRE 2023\Taller Base de Datos\blogg_21te0390\system\Database\MySQLi\Connection.php(306): mysqli->query('select p.*, cou...', 0)
#1 C:\Users\Daniel Monfil\Documents\TEC INF ''A''\5TO SEMESTRE 2023\Taller Base de Datos\blogg_21te0390\system\Database\BaseConnection.php(692): CodeIgniter\Database\MySQLi\Connection->execute('select p.*, cou...')
#2 C:\Users\Daniel Monfil\Documents\TEC INF ''A''\5TO SEMESTRE 2023\Taller Base de Datos\blogg_21te0390\system\Database\BaseConnection.php(606): CodeIgniter\Database\BaseConnection->simpleQuery('select p.*, cou...')
#3 C:\Users\Daniel Monfil\Documents\TEC INF ''A''\5TO SEMESTRE 2023\Taller Base de Datos\blogg_21te0390\app\Controllers\PostController.php(185): CodeIgniter\Database\BaseConnection->query('select p.*, cou...')
#4 C:\Users\Daniel Monfil\Documents\TEC INF ''A''\5TO SEMESTRE 2023\Taller Base de Datos\blogg_21te0390\system\CodeIgniter.php(919): App\Controllers\PostController->ejercicio10()
#5 C:\Users\Daniel Monfil\Documents\TEC INF ''A''\5TO SEMESTRE 2023\Taller Base de Datos\blogg_21te0390\system\CodeIgniter.php(494): CodeIgniter\CodeIgniter->runController(Object(App\Controllers\PostController))
#6 C:\Users\Daniel Monfil\Documents\TEC INF ''A''\5TO SEMESTRE 2023\Taller Base de Datos\blogg_21te0390\system\CodeIgniter.php(353): CodeIgniter\CodeIgniter->handleRequest(NULL, Object(Config\Cache), false)
#7 C:\Users\Daniel Monfil\Documents\TEC INF ''A''\5TO SEMESTRE 2023\Taller Base de Datos\blogg_21te0390\public\index.php(79): CodeIgniter\CodeIgniter->run()
#8 C:\Users\Daniel Monfil\Documents\TEC INF ''A''\5TO SEMESTRE 2023\Taller Base de Datos\blogg_21te0390\system\Commands\Server\rewrite.php(47): require_once('C:\\Users\\Daniel...')
#9 {main}
CRITICAL - 2023-10-09 00:07:49 --> FUNCTION blogg.date_part does not exist
in SYSTEMPATH\Database\BaseConnection.php on line 646.
 1 APPPATH\Controllers\PostController.php(185): CodeIgniter\Database\BaseConnection->query('select p.*, count(*) as pepm30, u.*, ui.* 
		from posts as p join users as u on p.autor = u.id join userinfo as ui on u.id = ui.id 
		where ui.gender = "f" and date_part (2023/10/08) - ("birthday");



		')
 2 SYSTEMPATH\CodeIgniter.php(919): App\Controllers\PostController->ejercicio10()
 3 SYSTEMPATH\CodeIgniter.php(494): CodeIgniter\CodeIgniter->runController(Object(App\Controllers\PostController))
 4 SYSTEMPATH\CodeIgniter.php(353): CodeIgniter\CodeIgniter->handleRequest(null, Object(Config\Cache), false)
 5 FCPATH\index.php(79): CodeIgniter\CodeIgniter->run()
 6 SYSTEMPATH\Commands\Server\rewrite.php(47): require_once('C:\\Users\\Daniel Monfil\\Documents\\TEC INF \'\'A\'\'\\5TO SEMESTRE 2023\\Taller Base de Datos\\blogg_21te0390\\public\\index.php')
ERROR - 2023-10-09 00:10:43 --> mysqli_sql_exception: You have an error in your SQL syntax; check the manual that corresponds to your MariaDB server version for the right syntax to use near 'AS edad FROM userinfo' at line 3 in C:\Users\Daniel Monfil\Documents\TEC INF ''A''\5TO SEMESTRE 2023\Taller Base de Datos\blogg_21te0390\system\Database\MySQLi\Connection.php:306
Stack trace:
#0 C:\Users\Daniel Monfil\Documents\TEC INF ''A''\5TO SEMESTRE 2023\Taller Base de Datos\blogg_21te0390\system\Database\MySQLi\Connection.php(306): mysqli->query('select p.*, cou...', 0)
#1 C:\Users\Daniel Monfil\Documents\TEC INF ''A''\5TO SEMESTRE 2023\Taller Base de Datos\blogg_21te0390\system\Database\BaseConnection.php(692): CodeIgniter\Database\MySQLi\Connection->execute('select p.*, cou...')
#2 C:\Users\Daniel Monfil\Documents\TEC INF ''A''\5TO SEMESTRE 2023\Taller Base de Datos\blogg_21te0390\system\Database\BaseConnection.php(606): CodeIgniter\Database\BaseConnection->simpleQuery('select p.*, cou...')
#3 C:\Users\Daniel Monfil\Documents\TEC INF ''A''\5TO SEMESTRE 2023\Taller Base de Datos\blogg_21te0390\app\Controllers\PostController.php(185): CodeIgniter\Database\BaseConnection->query('select p.*, cou...')
#4 C:\Users\Daniel Monfil\Documents\TEC INF ''A''\5TO SEMESTRE 2023\Taller Base de Datos\blogg_21te0390\system\CodeIgniter.php(919): App\Controllers\PostController->ejercicio10()
#5 C:\Users\Daniel Monfil\Documents\TEC INF ''A''\5TO SEMESTRE 2023\Taller Base de Datos\blogg_21te0390\system\CodeIgniter.php(494): CodeIgniter\CodeIgniter->runController(Object(App\Controllers\PostController))
#6 C:\Users\Daniel Monfil\Documents\TEC INF ''A''\5TO SEMESTRE 2023\Taller Base de Datos\blogg_21te0390\system\CodeIgniter.php(353): CodeIgniter\CodeIgniter->handleRequest(NULL, Object(Config\Cache), false)
#7 C:\Users\Daniel Monfil\Documents\TEC INF ''A''\5TO SEMESTRE 2023\Taller Base de Datos\blogg_21te0390\public\index.php(79): CodeIgniter\CodeIgniter->run()
#8 C:\Users\Daniel Monfil\Documents\TEC INF ''A''\5TO SEMESTRE 2023\Taller Base de Datos\blogg_21te0390\system\Commands\Server\rewrite.php(47): require_once('C:\\Users\\Daniel...')
#9 {main}
CRITICAL - 2023-10-09 00:10:43 --> You have an error in your SQL syntax; check the manual that corresponds to your MariaDB server version for the right syntax to use near 'AS edad FROM userinfo' at line 3
in SYSTEMPATH\Database\BaseConnection.php on line 646.
 1 APPPATH\Controllers\PostController.php(185): CodeIgniter\Database\BaseConnection->query('select p.*, count(*) as pepm30, u.*, ui.* 
		from posts as p join users as u on p.autor = u.id join userinfo as ui on u.id = ui.id 
		where ui.gender = "f" and TIMESTAMPDIFF(YEAR, "birthday", NOW()) AS edad FROM userinfo;



		')
 2 SYSTEMPATH\CodeIgniter.php(919): App\Controllers\PostController->ejercicio10()
 3 SYSTEMPATH\CodeIgniter.php(494): CodeIgniter\CodeIgniter->runController(Object(App\Controllers\PostController))
 4 SYSTEMPATH\CodeIgniter.php(353): CodeIgniter\CodeIgniter->handleRequest(null, Object(Config\Cache), false)
 5 FCPATH\index.php(79): CodeIgniter\CodeIgniter->run()
 6 SYSTEMPATH\Commands\Server\rewrite.php(47): require_once('C:\\Users\\Daniel Monfil\\Documents\\TEC INF \'\'A\'\'\\5TO SEMESTRE 2023\\Taller Base de Datos\\blogg_21te0390\\public\\index.php')
ERROR - 2023-10-09 00:10:59 --> mysqli_sql_exception: You have an error in your SQL syntax; check the manual that corresponds to your MariaDB server version for the right syntax to use near 'AS edad' at line 3 in C:\Users\Daniel Monfil\Documents\TEC INF ''A''\5TO SEMESTRE 2023\Taller Base de Datos\blogg_21te0390\system\Database\MySQLi\Connection.php:306
Stack trace:
#0 C:\Users\Daniel Monfil\Documents\TEC INF ''A''\5TO SEMESTRE 2023\Taller Base de Datos\blogg_21te0390\system\Database\MySQLi\Connection.php(306): mysqli->query('select p.*, cou...', 0)
#1 C:\Users\Daniel Monfil\Documents\TEC INF ''A''\5TO SEMESTRE 2023\Taller Base de Datos\blogg_21te0390\system\Database\BaseConnection.php(692): CodeIgniter\Database\MySQLi\Connection->execute('select p.*, cou...')
#2 C:\Users\Daniel Monfil\Documents\TEC INF ''A''\5TO SEMESTRE 2023\Taller Base de Datos\blogg_21te0390\system\Database\BaseConnection.php(606): CodeIgniter\Database\BaseConnection->simpleQuery('select p.*, cou...')
#3 C:\Users\Daniel Monfil\Documents\TEC INF ''A''\5TO SEMESTRE 2023\Taller Base de Datos\blogg_21te0390\app\Controllers\PostController.php(185): CodeIgniter\Database\BaseConnection->query('select p.*, cou...')
#4 C:\Users\Daniel Monfil\Documents\TEC INF ''A''\5TO SEMESTRE 2023\Taller Base de Datos\blogg_21te0390\system\CodeIgniter.php(919): App\Controllers\PostController->ejercicio10()
#5 C:\Users\Daniel Monfil\Documents\TEC INF ''A''\5TO SEMESTRE 2023\Taller Base de Datos\blogg_21te0390\system\CodeIgniter.php(494): CodeIgniter\CodeIgniter->runController(Object(App\Controllers\PostController))
#6 C:\Users\Daniel Monfil\Documents\TEC INF ''A''\5TO SEMESTRE 2023\Taller Base de Datos\blogg_21te0390\system\CodeIgniter.php(353): CodeIgniter\CodeIgniter->handleRequest(NULL, Object(Config\Cache), false)
#7 C:\Users\Daniel Monfil\Documents\TEC INF ''A''\5TO SEMESTRE 2023\Taller Base de Datos\blogg_21te0390\public\index.php(79): CodeIgniter\CodeIgniter->run()
#8 C:\Users\Daniel Monfil\Documents\TEC INF ''A''\5TO SEMESTRE 2023\Taller Base de Datos\blogg_21te0390\system\Commands\Server\rewrite.php(47): require_once('C:\\Users\\Daniel...')
#9 {main}
CRITICAL - 2023-10-09 00:10:59 --> You have an error in your SQL syntax; check the manual that corresponds to your MariaDB server version for the right syntax to use near 'AS edad' at line 3
in SYSTEMPATH\Database\BaseConnection.php on line 646.
 1 APPPATH\Controllers\PostController.php(185): CodeIgniter\Database\BaseConnection->query('select p.*, count(*) as pepm30, u.*, ui.* 
		from posts as p join users as u on p.autor = u.id join userinfo as ui on u.id = ui.id 
		where ui.gender = "f" and TIMESTAMPDIFF(YEAR, "birthday", NOW()) AS edad;



		')
 2 SYSTEMPATH\CodeIgniter.php(919): App\Controllers\PostController->ejercicio10()
 3 SYSTEMPATH\CodeIgniter.php(494): CodeIgniter\CodeIgniter->runController(Object(App\Controllers\PostController))
 4 SYSTEMPATH\CodeIgniter.php(353): CodeIgniter\CodeIgniter->handleRequest(null, Object(Config\Cache), false)
 5 FCPATH\index.php(79): CodeIgniter\CodeIgniter->run()
 6 SYSTEMPATH\Commands\Server\rewrite.php(47): require_once('C:\\Users\\Daniel Monfil\\Documents\\TEC INF \'\'A\'\'\\5TO SEMESTRE 2023\\Taller Base de Datos\\blogg_21te0390\\public\\index.php')
ERROR - 2023-10-09 00:11:06 --> mysqli_sql_exception: FUNCTION blogg.date_part does not exist in C:\Users\Daniel Monfil\Documents\TEC INF ''A''\5TO SEMESTRE 2023\Taller Base de Datos\blogg_21te0390\system\Database\MySQLi\Connection.php:306
Stack trace:
#0 C:\Users\Daniel Monfil\Documents\TEC INF ''A''\5TO SEMESTRE 2023\Taller Base de Datos\blogg_21te0390\system\Database\MySQLi\Connection.php(306): mysqli->query('select p.*, cou...', 0)
#1 C:\Users\Daniel Monfil\Documents\TEC INF ''A''\5TO SEMESTRE 2023\Taller Base de Datos\blogg_21te0390\system\Database\BaseConnection.php(692): CodeIgniter\Database\MySQLi\Connection->execute('select p.*, cou...')
#2 C:\Users\Daniel Monfil\Documents\TEC INF ''A''\5TO SEMESTRE 2023\Taller Base de Datos\blogg_21te0390\system\Database\BaseConnection.php(606): CodeIgniter\Database\BaseConnection->simpleQuery('select p.*, cou...')
#3 C:\Users\Daniel Monfil\Documents\TEC INF ''A''\5TO SEMESTRE 2023\Taller Base de Datos\blogg_21te0390\app\Controllers\PostController.php(193): CodeIgniter\Database\BaseConnection->query('select p.*, cou...')
#4 C:\Users\Daniel Monfil\Documents\TEC INF ''A''\5TO SEMESTRE 2023\Taller Base de Datos\blogg_21te0390\system\CodeIgniter.php(919): App\Controllers\PostController->ejercicio10()
#5 C:\Users\Daniel Monfil\Documents\TEC INF ''A''\5TO SEMESTRE 2023\Taller Base de Datos\blogg_21te0390\system\CodeIgniter.php(494): CodeIgniter\CodeIgniter->runController(Object(App\Controllers\PostController))
#6 C:\Users\Daniel Monfil\Documents\TEC INF ''A''\5TO SEMESTRE 2023\Taller Base de Datos\blogg_21te0390\system\CodeIgniter.php(353): CodeIgniter\CodeIgniter->handleRequest(NULL, Object(Config\Cache), false)
#7 C:\Users\Daniel Monfil\Documents\TEC INF ''A''\5TO SEMESTRE 2023\Taller Base de Datos\blogg_21te0390\public\index.php(79): CodeIgniter\CodeIgniter->run()
#8 C:\Users\Daniel Monfil\Documents\TEC INF ''A''\5TO SEMESTRE 2023\Taller Base de Datos\blogg_21te0390\system\Commands\Server\rewrite.php(47): require_once('C:\\Users\\Daniel...')
#9 {main}
CRITICAL - 2023-10-09 00:11:06 --> FUNCTION blogg.date_part does not exist
in SYSTEMPATH\Database\BaseConnection.php on line 646.
 1 APPPATH\Controllers\PostController.php(193): CodeIgniter\Database\BaseConnection->query('select p.*, count(*) as peph16, u.*, ui.* 
		from posts as p join users as u on p.autor = u.id join userinfo as ui on u.id = ui.id 
		where ui.gender = "m" and date_part(2023/10/10) - date_part("birthday") > 16')
 2 SYSTEMPATH\CodeIgniter.php(919): App\Controllers\PostController->ejercicio10()
 3 SYSTEMPATH\CodeIgniter.php(494): CodeIgniter\CodeIgniter->runController(Object(App\Controllers\PostController))
 4 SYSTEMPATH\CodeIgniter.php(353): CodeIgniter\CodeIgniter->handleRequest(null, Object(Config\Cache), false)
 5 FCPATH\index.php(79): CodeIgniter\CodeIgniter->run()
 6 SYSTEMPATH\Commands\Server\rewrite.php(47): require_once('C:\\Users\\Daniel Monfil\\Documents\\TEC INF \'\'A\'\'\\5TO SEMESTRE 2023\\Taller Base de Datos\\blogg_21te0390\\public\\index.php')
ERROR - 2023-10-09 00:11:49 --> mysqli_sql_exception: You have an error in your SQL syntax; check the manual that corresponds to your MariaDB server version for the right syntax to use near 'TIMESTAMPDIFF(YEAR, "birthday", NOW())' at line 3 in C:\Users\Daniel Monfil\Documents\TEC INF ''A''\5TO SEMESTRE 2023\Taller Base de Datos\blogg_21te0390\system\Database\MySQLi\Connection.php:306
Stack trace:
#0 C:\Users\Daniel Monfil\Documents\TEC INF ''A''\5TO SEMESTRE 2023\Taller Base de Datos\blogg_21te0390\system\Database\MySQLi\Connection.php(306): mysqli->query('select p.*, cou...', 0)
#1 C:\Users\Daniel Monfil\Documents\TEC INF ''A''\5TO SEMESTRE 2023\Taller Base de Datos\blogg_21te0390\system\Database\BaseConnection.php(692): CodeIgniter\Database\MySQLi\Connection->execute('select p.*, cou...')
#2 C:\Users\Daniel Monfil\Documents\TEC INF ''A''\5TO SEMESTRE 2023\Taller Base de Datos\blogg_21te0390\system\Database\BaseConnection.php(606): CodeIgniter\Database\BaseConnection->simpleQuery('select p.*, cou...')
#3 C:\Users\Daniel Monfil\Documents\TEC INF ''A''\5TO SEMESTRE 2023\Taller Base de Datos\blogg_21te0390\app\Controllers\PostController.php(193): CodeIgniter\Database\BaseConnection->query('select p.*, cou...')
#4 C:\Users\Daniel Monfil\Documents\TEC INF ''A''\5TO SEMESTRE 2023\Taller Base de Datos\blogg_21te0390\system\CodeIgniter.php(919): App\Controllers\PostController->ejercicio10()
#5 C:\Users\Daniel Monfil\Documents\TEC INF ''A''\5TO SEMESTRE 2023\Taller Base de Datos\blogg_21te0390\system\CodeIgniter.php(494): CodeIgniter\CodeIgniter->runController(Object(App\Controllers\PostController))
#6 C:\Users\Daniel Monfil\Documents\TEC INF ''A''\5TO SEMESTRE 2023\Taller Base de Datos\blogg_21te0390\system\CodeIgniter.php(353): CodeIgniter\CodeIgniter->handleRequest(NULL, Object(Config\Cache), false)
#7 C:\Users\Daniel Monfil\Documents\TEC INF ''A''\5TO SEMESTRE 2023\Taller Base de Datos\blogg_21te0390\public\index.php(79): CodeIgniter\CodeIgniter->run()
#8 C:\Users\Daniel Monfil\Documents\TEC INF ''A''\5TO SEMESTRE 2023\Taller Base de Datos\blogg_21te0390\system\Commands\Server\rewrite.php(47): require_once('C:\\Users\\Daniel...')
#9 {main}
CRITICAL - 2023-10-09 00:11:49 --> You have an error in your SQL syntax; check the manual that corresponds to your MariaDB server version for the right syntax to use near 'TIMESTAMPDIFF(YEAR, "birthday", NOW())' at line 3
in SYSTEMPATH\Database\BaseConnection.php on line 646.
 1 APPPATH\Controllers\PostController.php(193): CodeIgniter\Database\BaseConnection->query('select p.*, count(*) as peph16, u.*, ui.* 
		from posts as p join users as u on p.autor = u.id join userinfo as ui on u.id = ui.id 
		where ui.gender = "m" TIMESTAMPDIFF(YEAR, "birthday", NOW())')
 2 SYSTEMPATH\CodeIgniter.php(919): App\Controllers\PostController->ejercicio10()
 3 SYSTEMPATH\CodeIgniter.php(494): CodeIgniter\CodeIgniter->runController(Object(App\Controllers\PostController))
 4 SYSTEMPATH\CodeIgniter.php(353): CodeIgniter\CodeIgniter->handleRequest(null, Object(Config\Cache), false)
 5 FCPATH\index.php(79): CodeIgniter\CodeIgniter->run()
 6 SYSTEMPATH\Commands\Server\rewrite.php(47): require_once('C:\\Users\\Daniel Monfil\\Documents\\TEC INF \'\'A\'\'\\5TO SEMESTRE 2023\\Taller Base de Datos\\blogg_21te0390\\public\\index.php')
ERROR - 2023-10-09 00:12:31 --> mysqli_sql_exception: You have an error in your SQL syntax; check the manual that corresponds to your MariaDB server version for the right syntax to use near 'as edad' at line 3 in C:\Users\Daniel Monfil\Documents\TEC INF ''A''\5TO SEMESTRE 2023\Taller Base de Datos\blogg_21te0390\system\Database\MySQLi\Connection.php:306
Stack trace:
#0 C:\Users\Daniel Monfil\Documents\TEC INF ''A''\5TO SEMESTRE 2023\Taller Base de Datos\blogg_21te0390\system\Database\MySQLi\Connection.php(306): mysqli->query('select p.*, cou...', 0)
#1 C:\Users\Daniel Monfil\Documents\TEC INF ''A''\5TO SEMESTRE 2023\Taller Base de Datos\blogg_21te0390\system\Database\BaseConnection.php(692): CodeIgniter\Database\MySQLi\Connection->execute('select p.*, cou...')
#2 C:\Users\Daniel Monfil\Documents\TEC INF ''A''\5TO SEMESTRE 2023\Taller Base de Datos\blogg_21te0390\system\Database\BaseConnection.php(606): CodeIgniter\Database\BaseConnection->simpleQuery('select p.*, cou...')
#3 C:\Users\Daniel Monfil\Documents\TEC INF ''A''\5TO SEMESTRE 2023\Taller Base de Datos\blogg_21te0390\app\Controllers\PostController.php(193): CodeIgniter\Database\BaseConnection->query('select p.*, cou...')
#4 C:\Users\Daniel Monfil\Documents\TEC INF ''A''\5TO SEMESTRE 2023\Taller Base de Datos\blogg_21te0390\system\CodeIgniter.php(919): App\Controllers\PostController->ejercicio10()
#5 C:\Users\Daniel Monfil\Documents\TEC INF ''A''\5TO SEMESTRE 2023\Taller Base de Datos\blogg_21te0390\system\CodeIgniter.php(494): CodeIgniter\CodeIgniter->runController(Object(App\Controllers\PostController))
#6 C:\Users\Daniel Monfil\Documents\TEC INF ''A''\5TO SEMESTRE 2023\Taller Base de Datos\blogg_21te0390\system\CodeIgniter.php(353): CodeIgniter\CodeIgniter->handleRequest(NULL, Object(Config\Cache), false)
#7 C:\Users\Daniel Monfil\Documents\TEC INF ''A''\5TO SEMESTRE 2023\Taller Base de Datos\blogg_21te0390\public\index.php(79): CodeIgniter\CodeIgniter->run()
#8 C:\Users\Daniel Monfil\Documents\TEC INF ''A''\5TO SEMESTRE 2023\Taller Base de Datos\blogg_21te0390\system\Commands\Server\rewrite.php(47): require_once('C:\\Users\\Daniel...')
#9 {main}
CRITICAL - 2023-10-09 00:12:31 --> You have an error in your SQL syntax; check the manual that corresponds to your MariaDB server version for the right syntax to use near 'as edad' at line 3
in SYSTEMPATH\Database\BaseConnection.php on line 646.
 1 APPPATH\Controllers\PostController.php(193): CodeIgniter\Database\BaseConnection->query('select p.*, count(*) as peph16, u.*, ui.* 
		from posts as p join users as u on p.autor = u.id join userinfo as ui on u.id = ui.id 
		where ui.gender = "m" and TIMESTAMPDIFF(YEAR, "birthday", NOW()) as edad')
 2 SYSTEMPATH\CodeIgniter.php(919): App\Controllers\PostController->ejercicio10()
 3 SYSTEMPATH\CodeIgniter.php(494): CodeIgniter\CodeIgniter->runController(Object(App\Controllers\PostController))
 4 SYSTEMPATH\CodeIgniter.php(353): CodeIgniter\CodeIgniter->handleRequest(null, Object(Config\Cache), false)
 5 FCPATH\index.php(79): CodeIgniter\CodeIgniter->run()
 6 SYSTEMPATH\Commands\Server\rewrite.php(47): require_once('C:\\Users\\Daniel Monfil\\Documents\\TEC INF \'\'A\'\'\\5TO SEMESTRE 2023\\Taller Base de Datos\\blogg_21te0390\\public\\index.php')
ERROR - 2023-10-09 00:15:53 --> mysqli_sql_exception: You have an error in your SQL syntax; check the manual that corresponds to your MariaDB server version for the right syntax to use near 'after "2007/10/08"' at line 3 in C:\Users\Daniel Monfil\Documents\TEC INF ''A''\5TO SEMESTRE 2023\Taller Base de Datos\blogg_21te0390\system\Database\MySQLi\Connection.php:306
Stack trace:
#0 C:\Users\Daniel Monfil\Documents\TEC INF ''A''\5TO SEMESTRE 2023\Taller Base de Datos\blogg_21te0390\system\Database\MySQLi\Connection.php(306): mysqli->query('select p.*, cou...', 0)
#1 C:\Users\Daniel Monfil\Documents\TEC INF ''A''\5TO SEMESTRE 2023\Taller Base de Datos\blogg_21te0390\system\Database\BaseConnection.php(692): CodeIgniter\Database\MySQLi\Connection->execute('select p.*, cou...')
#2 C:\Users\Daniel Monfil\Documents\TEC INF ''A''\5TO SEMESTRE 2023\Taller Base de Datos\blogg_21te0390\system\Database\BaseConnection.php(606): CodeIgniter\Database\BaseConnection->simpleQuery('select p.*, cou...')
#3 C:\Users\Daniel Monfil\Documents\TEC INF ''A''\5TO SEMESTRE 2023\Taller Base de Datos\blogg_21te0390\app\Controllers\PostController.php(202): CodeIgniter\Database\BaseConnection->query('select p.*, cou...')
#4 C:\Users\Daniel Monfil\Documents\TEC INF ''A''\5TO SEMESTRE 2023\Taller Base de Datos\blogg_21te0390\system\CodeIgniter.php(919): App\Controllers\PostController->ejercicio10()
#5 C:\Users\Daniel Monfil\Documents\TEC INF ''A''\5TO SEMESTRE 2023\Taller Base de Datos\blogg_21te0390\system\CodeIgniter.php(494): CodeIgniter\CodeIgniter->runController(Object(App\Controllers\PostController))
#6 C:\Users\Daniel Monfil\Documents\TEC INF ''A''\5TO SEMESTRE 2023\Taller Base de Datos\blogg_21te0390\system\CodeIgniter.php(353): CodeIgniter\CodeIgniter->handleRequest(NULL, Object(Config\Cache), false)
#7 C:\Users\Daniel Monfil\Documents\TEC INF ''A''\5TO SEMESTRE 2023\Taller Base de Datos\blogg_21te0390\public\index.php(79): CodeIgniter\CodeIgniter->run()
#8 C:\Users\Daniel Monfil\Documents\TEC INF ''A''\5TO SEMESTRE 2023\Taller Base de Datos\blogg_21te0390\system\Commands\Server\rewrite.php(47): require_once('C:\\Users\\Daniel...')
#9 {main}
CRITICAL - 2023-10-09 00:15:53 --> You have an error in your SQL syntax; check the manual that corresponds to your MariaDB server version for the right syntax to use near 'after "2007/10/08"' at line 3
in SYSTEMPATH\Database\BaseConnection.php on line 646.
 1 APPPATH\Controllers\PostController.php(202): CodeIgniter\Database\BaseConnection->query('select p.*, count(*) as peph16, u.*, ui.* 
		from posts as p join users as u on p.autor = u.id join userinfo as ui on u.id = ui.id 
		where ui.gender = "m" and ui.birthday after "2007/10/08";

		
		
		')
 2 SYSTEMPATH\CodeIgniter.php(919): App\Controllers\PostController->ejercicio10()
 3 SYSTEMPATH\CodeIgniter.php(494): CodeIgniter\CodeIgniter->runController(Object(App\Controllers\PostController))
 4 SYSTEMPATH\CodeIgniter.php(353): CodeIgniter\CodeIgniter->handleRequest(null, Object(Config\Cache), false)
 5 FCPATH\index.php(79): CodeIgniter\CodeIgniter->run()
 6 SYSTEMPATH\Commands\Server\rewrite.php(47): require_once('C:\\Users\\Daniel Monfil\\Documents\\TEC INF \'\'A\'\'\\5TO SEMESTRE 2023\\Taller Base de Datos\\blogg_21te0390\\public\\index.php')
CRITICAL - 2023-10-09 00:22:23 --> Undefined array key "pepm30"
in APPPATH\Views\posts\ejercicio10.php on line 24.
 1 APPPATH\Views\posts\ejercicio10.php(24): CodeIgniter\Debug\Exceptions->errorHandler(2, 'Undefined array key "pepm30"', 'C:\\Users\\Daniel Monfil\\Documents\\TEC INF \'\'A\'\'\\5TO SEMESTRE 2023\\Taller Base de Datos\\blogg_21te0390\\app\\Views\\posts\\ejercicio10.php', 24)
 2 SYSTEMPATH\View\View.php(226): include('C:\\Users\\Daniel Monfil\\Documents\\TEC INF \'\'A\'\'\\5TO SEMESTRE 2023\\Taller Base de Datos\\blogg_21te0390\\app\\Views\\posts\\ejercicio10.php')
 3 SYSTEMPATH\View\View.php(229): CodeIgniter\View\View->CodeIgniter\View\{closure}()
 4 SYSTEMPATH\Common.php(1188): CodeIgniter\View\View->render('posts/ejercicio10', [], true)
 5 APPPATH\Controllers\PostController.php(231): view('posts/ejercicio10', [...])
 6 SYSTEMPATH\CodeIgniter.php(919): App\Controllers\PostController->ejercicio10()
 7 SYSTEMPATH\CodeIgniter.php(494): CodeIgniter\CodeIgniter->runController(Object(App\Controllers\PostController))
 8 SYSTEMPATH\CodeIgniter.php(353): CodeIgniter\CodeIgniter->handleRequest(null, Object(Config\Cache), false)
 9 FCPATH\index.php(79): CodeIgniter\CodeIgniter->run()
10 SYSTEMPATH\Commands\Server\rewrite.php(47): require_once('C:\\Users\\Daniel Monfil\\Documents\\TEC INF \'\'A\'\'\\5TO SEMESTRE 2023\\Taller Base de Datos\\blogg_21te0390\\public\\index.php')
