ERROR - 2023-10-04 14:59:11 --> mysqli_sql_exception: You have an error in your SQL syntax; check the manual that corresponds to your MariaDB server version for the right syntax to use near 'desc limit 1' at line 6 in C:\Users\Daniel Monfil\Documents\TEC INF ''A''\5TO SEMESTRE 2023\Taller Base de Datos\blogg_21te0390\system\Database\MySQLi\Connection.php:306
Stack trace:
#0 C:\Users\Daniel Monfil\Documents\TEC INF ''A''\5TO SEMESTRE 2023\Taller Base de Datos\blogg_21te0390\system\Database\MySQLi\Connection.php(306): mysqli->query('select p.title,...', 0)
#1 C:\Users\Daniel Monfil\Documents\TEC INF ''A''\5TO SEMESTRE 2023\Taller Base de Datos\blogg_21te0390\system\Database\BaseConnection.php(692): CodeIgniter\Database\MySQLi\Connection->execute('select p.title,...')
#2 C:\Users\Daniel Monfil\Documents\TEC INF ''A''\5TO SEMESTRE 2023\Taller Base de Datos\blogg_21te0390\system\Database\BaseConnection.php(606): CodeIgniter\Database\BaseConnection->simpleQuery('select p.title,...')
#3 C:\Users\Daniel Monfil\Documents\TEC INF ''A''\5TO SEMESTRE 2023\Taller Base de Datos\blogg_21te0390\app\Controllers\PostController.php(27): CodeIgniter\Database\BaseConnection->query('select p.title,...')
#4 C:\Users\Daniel Monfil\Documents\TEC INF ''A''\5TO SEMESTRE 2023\Taller Base de Datos\blogg_21te0390\system\CodeIgniter.php(919): App\Controllers\PostController->ejercicio02()
#5 C:\Users\Daniel Monfil\Documents\TEC INF ''A''\5TO SEMESTRE 2023\Taller Base de Datos\blogg_21te0390\system\CodeIgniter.php(494): CodeIgniter\CodeIgniter->runController(Object(App\Controllers\PostController))
#6 C:\Users\Daniel Monfil\Documents\TEC INF ''A''\5TO SEMESTRE 2023\Taller Base de Datos\blogg_21te0390\system\CodeIgniter.php(353): CodeIgniter\CodeIgniter->handleRequest(NULL, Object(Config\Cache), false)
#7 C:\Users\Daniel Monfil\Documents\TEC INF ''A''\5TO SEMESTRE 2023\Taller Base de Datos\blogg_21te0390\public\index.php(79): CodeIgniter\CodeIgniter->run()
#8 C:\Users\Daniel Monfil\Documents\TEC INF ''A''\5TO SEMESTRE 2023\Taller Base de Datos\blogg_21te0390\system\Commands\Server\rewrite.php(47): require_once('C:\\Users\\Daniel...')
#9 {main}
CRITICAL - 2023-10-04 14:59:11 --> You have an error in your SQL syntax; check the manual that corresponds to your MariaDB server version for the right syntax to use near 'desc limit 1' at line 6
in SYSTEMPATH\Database\BaseConnection.php on line 646.
 1 APPPATH\Controllers\PostController.php(27): CodeIgniter\Database\BaseConnection->query('select p.title, concat (ui.name, " " ,ui.lastname) as "Nombre completo"
from posts as p
join userinfo as ui
on ui.id= u.id
join users as u
	desc limit 1')
 2 SYSTEMPATH\CodeIgniter.php(919): App\Controllers\PostController->ejercicio02()
 3 SYSTEMPATH\CodeIgniter.php(494): CodeIgniter\CodeIgniter->runController(Object(App\Controllers\PostController))
 4 SYSTEMPATH\CodeIgniter.php(353): CodeIgniter\CodeIgniter->handleRequest(null, Object(Config\Cache), false)
 5 FCPATH\index.php(79): CodeIgniter\CodeIgniter->run()
 6 SYSTEMPATH\Commands\Server\rewrite.php(47): require_once('C:\\Users\\Daniel Monfil\\Documents\\TEC INF \'\'A\'\'\\5TO SEMESTRE 2023\\Taller Base de Datos\\blogg_21te0390\\public\\index.php')
ERROR - 2023-10-04 15:03:51 --> mysqli_sql_exception: You have an error in your SQL syntax; check the manual that corresponds to your MariaDB server version for the right syntax to use near 'desc limit 1' at line 6 in C:\Users\Daniel Monfil\Documents\TEC INF ''A''\5TO SEMESTRE 2023\Taller Base de Datos\blogg_21te0390\system\Database\MySQLi\Connection.php:306
Stack trace:
#0 C:\Users\Daniel Monfil\Documents\TEC INF ''A''\5TO SEMESTRE 2023\Taller Base de Datos\blogg_21te0390\system\Database\MySQLi\Connection.php(306): mysqli->query('select p.title,...', 0)
#1 C:\Users\Daniel Monfil\Documents\TEC INF ''A''\5TO SEMESTRE 2023\Taller Base de Datos\blogg_21te0390\system\Database\BaseConnection.php(692): CodeIgniter\Database\MySQLi\Connection->execute('select p.title,...')
#2 C:\Users\Daniel Monfil\Documents\TEC INF ''A''\5TO SEMESTRE 2023\Taller Base de Datos\blogg_21te0390\system\Database\BaseConnection.php(606): CodeIgniter\Database\BaseConnection->simpleQuery('select p.title,...')
#3 C:\Users\Daniel Monfil\Documents\TEC INF ''A''\5TO SEMESTRE 2023\Taller Base de Datos\blogg_21te0390\app\Controllers\PostController.php(27): CodeIgniter\Database\BaseConnection->query('select p.title,...')
#4 C:\Users\Daniel Monfil\Documents\TEC INF ''A''\5TO SEMESTRE 2023\Taller Base de Datos\blogg_21te0390\system\CodeIgniter.php(919): App\Controllers\PostController->ejercicio02()
#5 C:\Users\Daniel Monfil\Documents\TEC INF ''A''\5TO SEMESTRE 2023\Taller Base de Datos\blogg_21te0390\system\CodeIgniter.php(494): CodeIgniter\CodeIgniter->runController(Object(App\Controllers\PostController))
#6 C:\Users\Daniel Monfil\Documents\TEC INF ''A''\5TO SEMESTRE 2023\Taller Base de Datos\blogg_21te0390\system\CodeIgniter.php(353): CodeIgniter\CodeIgniter->handleRequest(NULL, Object(Config\Cache), false)
#7 C:\Users\Daniel Monfil\Documents\TEC INF ''A''\5TO SEMESTRE 2023\Taller Base de Datos\blogg_21te0390\public\index.php(79): CodeIgniter\CodeIgniter->run()
#8 C:\Users\Daniel Monfil\Documents\TEC INF ''A''\5TO SEMESTRE 2023\Taller Base de Datos\blogg_21te0390\system\Commands\Server\rewrite.php(47): require_once('C:\\Users\\Daniel...')
#9 {main}
CRITICAL - 2023-10-04 15:03:51 --> You have an error in your SQL syntax; check the manual that corresponds to your MariaDB server version for the right syntax to use near 'desc limit 1' at line 6
in SYSTEMPATH\Database\BaseConnection.php on line 646.
 1 APPPATH\Controllers\PostController.php(27): CodeIgniter\Database\BaseConnection->query('select p.title, concat (ui.name, " " ,ui.lastname) as "Nombre completo"
from posts as p
join userinfo as ui
on ui.id= u.id
join users as u
	desc limit 1')
 2 SYSTEMPATH\CodeIgniter.php(919): App\Controllers\PostController->ejercicio02()
 3 SYSTEMPATH\CodeIgniter.php(494): CodeIgniter\CodeIgniter->runController(Object(App\Controllers\PostController))
 4 SYSTEMPATH\CodeIgniter.php(353): CodeIgniter\CodeIgniter->handleRequest(null, Object(Config\Cache), false)
 5 FCPATH\index.php(79): CodeIgniter\CodeIgniter->run()
 6 SYSTEMPATH\Commands\Server\rewrite.php(47): require_once('C:\\Users\\Daniel Monfil\\Documents\\TEC INF \'\'A\'\'\\5TO SEMESTRE 2023\\Taller Base de Datos\\blogg_21te0390\\public\\index.php')
ERROR - 2023-10-04 15:04:10 --> mysqli_sql_exception: Unknown column 'u.id' in 'on clause' in C:\Users\Daniel Monfil\Documents\TEC INF ''A''\5TO SEMESTRE 2023\Taller Base de Datos\blogg_21te0390\system\Database\MySQLi\Connection.php:306
Stack trace:
#0 C:\Users\Daniel Monfil\Documents\TEC INF ''A''\5TO SEMESTRE 2023\Taller Base de Datos\blogg_21te0390\system\Database\MySQLi\Connection.php(306): mysqli->query('select p.title,...', 0)
#1 C:\Users\Daniel Monfil\Documents\TEC INF ''A''\5TO SEMESTRE 2023\Taller Base de Datos\blogg_21te0390\system\Database\BaseConnection.php(692): CodeIgniter\Database\MySQLi\Connection->execute('select p.title,...')
#2 C:\Users\Daniel Monfil\Documents\TEC INF ''A''\5TO SEMESTRE 2023\Taller Base de Datos\blogg_21te0390\system\Database\BaseConnection.php(606): CodeIgniter\Database\BaseConnection->simpleQuery('select p.title,...')
#3 C:\Users\Daniel Monfil\Documents\TEC INF ''A''\5TO SEMESTRE 2023\Taller Base de Datos\blogg_21te0390\app\Controllers\PostController.php(27): CodeIgniter\Database\BaseConnection->query('select p.title,...')
#4 C:\Users\Daniel Monfil\Documents\TEC INF ''A''\5TO SEMESTRE 2023\Taller Base de Datos\blogg_21te0390\system\CodeIgniter.php(919): App\Controllers\PostController->ejercicio02()
#5 C:\Users\Daniel Monfil\Documents\TEC INF ''A''\5TO SEMESTRE 2023\Taller Base de Datos\blogg_21te0390\system\CodeIgniter.php(494): CodeIgniter\CodeIgniter->runController(Object(App\Controllers\PostController))
#6 C:\Users\Daniel Monfil\Documents\TEC INF ''A''\5TO SEMESTRE 2023\Taller Base de Datos\blogg_21te0390\system\CodeIgniter.php(353): CodeIgniter\CodeIgniter->handleRequest(NULL, Object(Config\Cache), false)
#7 C:\Users\Daniel Monfil\Documents\TEC INF ''A''\5TO SEMESTRE 2023\Taller Base de Datos\blogg_21te0390\public\index.php(79): CodeIgniter\CodeIgniter->run()
#8 C:\Users\Daniel Monfil\Documents\TEC INF ''A''\5TO SEMESTRE 2023\Taller Base de Datos\blogg_21te0390\system\Commands\Server\rewrite.php(47): require_once('C:\\Users\\Daniel...')
#9 {main}
CRITICAL - 2023-10-04 15:04:10 --> Unknown column 'u.id' in 'on clause'
in SYSTEMPATH\Database\BaseConnection.php on line 646.
 1 APPPATH\Controllers\PostController.php(27): CodeIgniter\Database\BaseConnection->query('select p.title, concat (ui.name, " " ,ui.lastname) as "Nombre completo"
from posts as p
join userinfo as ui
on ui.id= u.id
join users as u')
 2 SYSTEMPATH\CodeIgniter.php(919): App\Controllers\PostController->ejercicio02()
 3 SYSTEMPATH\CodeIgniter.php(494): CodeIgniter\CodeIgniter->runController(Object(App\Controllers\PostController))
 4 SYSTEMPATH\CodeIgniter.php(353): CodeIgniter\CodeIgniter->handleRequest(null, Object(Config\Cache), false)
 5 FCPATH\index.php(79): CodeIgniter\CodeIgniter->run()
 6 SYSTEMPATH\Commands\Server\rewrite.php(47): require_once('C:\\Users\\Daniel Monfil\\Documents\\TEC INF \'\'A\'\'\\5TO SEMESTRE 2023\\Taller Base de Datos\\blogg_21te0390\\public\\index.php')
ERROR - 2023-10-04 15:04:17 --> mysqli_sql_exception: Unknown column 'u.id' in 'on clause' in C:\Users\Daniel Monfil\Documents\TEC INF ''A''\5TO SEMESTRE 2023\Taller Base de Datos\blogg_21te0390\system\Database\MySQLi\Connection.php:306
Stack trace:
#0 C:\Users\Daniel Monfil\Documents\TEC INF ''A''\5TO SEMESTRE 2023\Taller Base de Datos\blogg_21te0390\system\Database\MySQLi\Connection.php(306): mysqli->query('select p.title,...', 0)
#1 C:\Users\Daniel Monfil\Documents\TEC INF ''A''\5TO SEMESTRE 2023\Taller Base de Datos\blogg_21te0390\system\Database\BaseConnection.php(692): CodeIgniter\Database\MySQLi\Connection->execute('select p.title,...')
#2 C:\Users\Daniel Monfil\Documents\TEC INF ''A''\5TO SEMESTRE 2023\Taller Base de Datos\blogg_21te0390\system\Database\BaseConnection.php(606): CodeIgniter\Database\BaseConnection->simpleQuery('select p.title,...')
#3 C:\Users\Daniel Monfil\Documents\TEC INF ''A''\5TO SEMESTRE 2023\Taller Base de Datos\blogg_21te0390\app\Controllers\PostController.php(27): CodeIgniter\Database\BaseConnection->query('select p.title,...')
#4 C:\Users\Daniel Monfil\Documents\TEC INF ''A''\5TO SEMESTRE 2023\Taller Base de Datos\blogg_21te0390\system\CodeIgniter.php(919): App\Controllers\PostController->ejercicio02()
#5 C:\Users\Daniel Monfil\Documents\TEC INF ''A''\5TO SEMESTRE 2023\Taller Base de Datos\blogg_21te0390\system\CodeIgniter.php(494): CodeIgniter\CodeIgniter->runController(Object(App\Controllers\PostController))
#6 C:\Users\Daniel Monfil\Documents\TEC INF ''A''\5TO SEMESTRE 2023\Taller Base de Datos\blogg_21te0390\system\CodeIgniter.php(353): CodeIgniter\CodeIgniter->handleRequest(NULL, Object(Config\Cache), false)
#7 C:\Users\Daniel Monfil\Documents\TEC INF ''A''\5TO SEMESTRE 2023\Taller Base de Datos\blogg_21te0390\public\index.php(79): CodeIgniter\CodeIgniter->run()
#8 C:\Users\Daniel Monfil\Documents\TEC INF ''A''\5TO SEMESTRE 2023\Taller Base de Datos\blogg_21te0390\system\Commands\Server\rewrite.php(47): require_once('C:\\Users\\Daniel...')
#9 {main}
CRITICAL - 2023-10-04 15:04:17 --> Unknown column 'u.id' in 'on clause'
in SYSTEMPATH\Database\BaseConnection.php on line 646.
 1 APPPATH\Controllers\PostController.php(27): CodeIgniter\Database\BaseConnection->query('select p.title, concat (ui.name, " " ,ui.lastname) as "Nombre completo"
from posts as p
join userinfo as ui
on ui.id= u.id
join users as u')
 2 SYSTEMPATH\CodeIgniter.php(919): App\Controllers\PostController->ejercicio02()
 3 SYSTEMPATH\CodeIgniter.php(494): CodeIgniter\CodeIgniter->runController(Object(App\Controllers\PostController))
 4 SYSTEMPATH\CodeIgniter.php(353): CodeIgniter\CodeIgniter->handleRequest(null, Object(Config\Cache), false)
 5 FCPATH\index.php(79): CodeIgniter\CodeIgniter->run()
 6 SYSTEMPATH\Commands\Server\rewrite.php(47): require_once('C:\\Users\\Daniel Monfil\\Documents\\TEC INF \'\'A\'\'\\5TO SEMESTRE 2023\\Taller Base de Datos\\blogg_21te0390\\public\\index.php')
ERROR - 2023-10-04 15:07:14 --> mysqli_sql_exception: You have an error in your SQL syntax; check the manual that corresponds to your MariaDB server version for the right syntax to use near 'select p.title, concat (ui.name, " " ,ui.lastname) as "Nombre completo"
from...' at line 6 in C:\Users\Daniel Monfil\Documents\TEC INF ''A''\5TO SEMESTRE 2023\Taller Base de Datos\blogg_21te0390\system\Database\MySQLi\Connection.php:306
Stack trace:
#0 C:\Users\Daniel Monfil\Documents\TEC INF ''A''\5TO SEMESTRE 2023\Taller Base de Datos\blogg_21te0390\system\Database\MySQLi\Connection.php(306): mysqli->query('\r\n\tselect p.tit...', 0)
#1 C:\Users\Daniel Monfil\Documents\TEC INF ''A''\5TO SEMESTRE 2023\Taller Base de Datos\blogg_21te0390\system\Database\BaseConnection.php(692): CodeIgniter\Database\MySQLi\Connection->execute('\r\n\tselect p.tit...')
#2 C:\Users\Daniel Monfil\Documents\TEC INF ''A''\5TO SEMESTRE 2023\Taller Base de Datos\blogg_21te0390\system\Database\BaseConnection.php(606): CodeIgniter\Database\BaseConnection->simpleQuery('\r\n\tselect p.tit...')
#3 C:\Users\Daniel Monfil\Documents\TEC INF ''A''\5TO SEMESTRE 2023\Taller Base de Datos\blogg_21te0390\app\Controllers\PostController.php(27): CodeIgniter\Database\BaseConnection->query('\r\n\tselect p.tit...')
#4 C:\Users\Daniel Monfil\Documents\TEC INF ''A''\5TO SEMESTRE 2023\Taller Base de Datos\blogg_21te0390\system\CodeIgniter.php(919): App\Controllers\PostController->ejercicio02()
#5 C:\Users\Daniel Monfil\Documents\TEC INF ''A''\5TO SEMESTRE 2023\Taller Base de Datos\blogg_21te0390\system\CodeIgniter.php(494): CodeIgniter\CodeIgniter->runController(Object(App\Controllers\PostController))
#6 C:\Users\Daniel Monfil\Documents\TEC INF ''A''\5TO SEMESTRE 2023\Taller Base de Datos\blogg_21te0390\system\CodeIgniter.php(353): CodeIgniter\CodeIgniter->handleRequest(NULL, Object(Config\Cache), false)
#7 C:\Users\Daniel Monfil\Documents\TEC INF ''A''\5TO SEMESTRE 2023\Taller Base de Datos\blogg_21te0390\public\index.php(79): CodeIgniter\CodeIgniter->run()
#8 C:\Users\Daniel Monfil\Documents\TEC INF ''A''\5TO SEMESTRE 2023\Taller Base de Datos\blogg_21te0390\system\Commands\Server\rewrite.php(47): require_once('C:\\Users\\Daniel...')
#9 {main}
CRITICAL - 2023-10-04 15:07:14 --> You have an error in your SQL syntax; check the manual that corresponds to your MariaDB server version for the right syntax to use near 'select p.title, concat (ui.name, " " ,ui.lastname) as "Nombre completo"
from...' at line 6
in SYSTEMPATH\Database\BaseConnection.php on line 646.
 1 APPPATH\Controllers\PostController.php(27): CodeIgniter\Database\BaseConnection->query('
	select p.title, ui.name, ui.lastname
    from userinfo as ui right join posts as p on p.title
    = ui.id left join users as u on p.id 
	
	
	select p.title, concat (ui.name, " " ,ui.lastname) as "Nombre completo"
from posts as p
join userinfo as ui
on ui.id= u.id
join users as u')
 2 SYSTEMPATH\CodeIgniter.php(919): App\Controllers\PostController->ejercicio02()
 3 SYSTEMPATH\CodeIgniter.php(494): CodeIgniter\CodeIgniter->runController(Object(App\Controllers\PostController))
 4 SYSTEMPATH\CodeIgniter.php(353): CodeIgniter\CodeIgniter->handleRequest(null, Object(Config\Cache), false)
 5 FCPATH\index.php(79): CodeIgniter\CodeIgniter->run()
 6 SYSTEMPATH\Commands\Server\rewrite.php(47): require_once('C:\\Users\\Daniel Monfil\\Documents\\TEC INF \'\'A\'\'\\5TO SEMESTRE 2023\\Taller Base de Datos\\blogg_21te0390\\public\\index.php')
CRITICAL - 2023-10-04 15:07:42 --> Allowed memory size of 536870912 bytes exhausted (tried to allocate 277042184 bytes)
in SYSTEMPATH\Database\MySQLi\Connection.php on line 306.
 1 [internal function]: CodeIgniter\Debug\Exceptions->shutdownHandler()
CRITICAL - 2023-10-04 15:12:49 --> Invalid file: "posts/ejercicio06.php"
in SYSTEMPATH\Exceptions\FrameworkException.php on line 39.
 1 SYSTEMPATH\View\View.php(214): CodeIgniter\Exceptions\FrameworkException::forInvalidFile('posts/ejercicio06.php')
 2 SYSTEMPATH\Common.php(1188): CodeIgniter\View\View->render('posts/ejercicio06', [], true)
 3 APPPATH\Controllers\PostController.php(72): view('posts/ejercicio06')
 4 SYSTEMPATH\CodeIgniter.php(919): App\Controllers\PostController->ejercicio06()
 5 SYSTEMPATH\CodeIgniter.php(494): CodeIgniter\CodeIgniter->runController(Object(App\Controllers\PostController))
 6 SYSTEMPATH\CodeIgniter.php(353): CodeIgniter\CodeIgniter->handleRequest(null, Object(Config\Cache), false)
 7 FCPATH\index.php(79): CodeIgniter\CodeIgniter->run()
 8 SYSTEMPATH\Commands\Server\rewrite.php(47): require_once('C:\\Users\\Daniel Monfil\\Documents\\TEC INF \'\'A\'\'\\5TO SEMESTRE 2023\\Taller Base de Datos\\blogg_21te0390\\public\\index.php')
ERROR - 2023-10-04 15:22:46 --> mysqli_sql_exception: You have an error in your SQL syntax; check the manual that corresponds to your MariaDB server version for the right syntax to use near '(ui.name, " ", ui.lastname) as "Nombre Completo"
from userinfo as ui
join u...' at line 1 in C:\Users\Daniel Monfil\Documents\TEC INF ''A''\5TO SEMESTRE 2023\Taller Base de Datos\blogg_21te0390\system\Database\MySQLi\Connection.php:306
Stack trace:
#0 C:\Users\Daniel Monfil\Documents\TEC INF ''A''\5TO SEMESTRE 2023\Taller Base de Datos\blogg_21te0390\system\Database\MySQLi\Connection.php(306): mysqli->query('\t\r\nselect p.tit...', 0)
#1 C:\Users\Daniel Monfil\Documents\TEC INF ''A''\5TO SEMESTRE 2023\Taller Base de Datos\blogg_21te0390\system\Database\BaseConnection.php(692): CodeIgniter\Database\MySQLi\Connection->execute('\t\r\nselect p.tit...')
#2 C:\Users\Daniel Monfil\Documents\TEC INF ''A''\5TO SEMESTRE 2023\Taller Base de Datos\blogg_21te0390\system\Database\BaseConnection.php(606): CodeIgniter\Database\BaseConnection->simpleQuery('\t\r\nselect p.tit...')
#3 C:\Users\Daniel Monfil\Documents\TEC INF ''A''\5TO SEMESTRE 2023\Taller Base de Datos\blogg_21te0390\app\Controllers\PostController.php(24): CodeIgniter\Database\BaseConnection->query('\t\r\nselect p.tit...')
#4 C:\Users\Daniel Monfil\Documents\TEC INF ''A''\5TO SEMESTRE 2023\Taller Base de Datos\blogg_21te0390\system\CodeIgniter.php(919): App\Controllers\PostController->ejercicio02()
#5 C:\Users\Daniel Monfil\Documents\TEC INF ''A''\5TO SEMESTRE 2023\Taller Base de Datos\blogg_21te0390\system\CodeIgniter.php(494): CodeIgniter\CodeIgniter->runController(Object(App\Controllers\PostController))
#6 C:\Users\Daniel Monfil\Documents\TEC INF ''A''\5TO SEMESTRE 2023\Taller Base de Datos\blogg_21te0390\system\CodeIgniter.php(353): CodeIgniter\CodeIgniter->handleRequest(NULL, Object(Config\Cache), false)
#7 C:\Users\Daniel Monfil\Documents\TEC INF ''A''\5TO SEMESTRE 2023\Taller Base de Datos\blogg_21te0390\public\index.php(79): CodeIgniter\CodeIgniter->run()
#8 C:\Users\Daniel Monfil\Documents\TEC INF ''A''\5TO SEMESTRE 2023\Taller Base de Datos\blogg_21te0390\system\Commands\Server\rewrite.php(47): require_once('C:\\Users\\Daniel...')
#9 {main}
CRITICAL - 2023-10-04 15:22:46 --> You have an error in your SQL syntax; check the manual that corresponds to your MariaDB server version for the right syntax to use near '(ui.name, " ", ui.lastname) as "Nombre Completo"
from userinfo as ui
join u...' at line 1
in SYSTEMPATH\Database\BaseConnection.php on line 646.
 1 APPPATH\Controllers\PostController.php(24): CodeIgniter\Database\BaseConnection->query('	
select p.title concat (ui.name, " ", ui.lastname) as "Nombre Completo"
from userinfo as ui
join users as u
on ui.id= ui.id
join posts as p on p.autor= ui.id limit 1;
')
 2 SYSTEMPATH\CodeIgniter.php(919): App\Controllers\PostController->ejercicio02()
 3 SYSTEMPATH\CodeIgniter.php(494): CodeIgniter\CodeIgniter->runController(Object(App\Controllers\PostController))
 4 SYSTEMPATH\CodeIgniter.php(353): CodeIgniter\CodeIgniter->handleRequest(null, Object(Config\Cache), false)
 5 FCPATH\index.php(79): CodeIgniter\CodeIgniter->run()
 6 SYSTEMPATH\Commands\Server\rewrite.php(47): require_once('C:\\Users\\Daniel Monfil\\Documents\\TEC INF \'\'A\'\'\\5TO SEMESTRE 2023\\Taller Base de Datos\\blogg_21te0390\\public\\index.php')
CRITICAL - 2023-10-04 15:22:52 --> Undefined variable $totalUsers
in APPPATH\Views\posts\ejercicio06.php on line 8.
 1 APPPATH\Views\posts\ejercicio06.php(8): CodeIgniter\Debug\Exceptions->errorHandler(2, 'Undefined variable $totalUsers', 'C:\\Users\\Daniel Monfil\\Documents\\TEC INF \'\'A\'\'\\5TO SEMESTRE 2023\\Taller Base de Datos\\blogg_21te0390\\app\\Views\\posts\\ejercicio06.php', 8)
 2 SYSTEMPATH\View\View.php(226): include('C:\\Users\\Daniel Monfil\\Documents\\TEC INF \'\'A\'\'\\5TO SEMESTRE 2023\\Taller Base de Datos\\blogg_21te0390\\app\\Views\\posts\\ejercicio06.php')
 3 SYSTEMPATH\View\View.php(229): CodeIgniter\View\View->CodeIgniter\View\{closure}()
 4 SYSTEMPATH\Common.php(1188): CodeIgniter\View\View->render('posts/ejercicio06', [], true)
 5 APPPATH\Controllers\PostController.php(74): view('posts/ejercicio06')
 6 SYSTEMPATH\CodeIgniter.php(919): App\Controllers\PostController->ejercicio06()
 7 SYSTEMPATH\CodeIgniter.php(494): CodeIgniter\CodeIgniter->runController(Object(App\Controllers\PostController))
 8 SYSTEMPATH\CodeIgniter.php(353): CodeIgniter\CodeIgniter->handleRequest(null, Object(Config\Cache), false)
 9 FCPATH\index.php(79): CodeIgniter\CodeIgniter->run()
10 SYSTEMPATH\Commands\Server\rewrite.php(47): require_once('C:\\Users\\Daniel Monfil\\Documents\\TEC INF \'\'A\'\'\\5TO SEMESTRE 2023\\Taller Base de Datos\\blogg_21te0390\\public\\index.php')
ERROR - 2023-10-04 15:27:29 --> mysqli_sql_exception: Query was empty in C:\Users\Daniel Monfil\Documents\TEC INF ''A''\5TO SEMESTRE 2023\Taller Base de Datos\blogg_21te0390\system\Database\MySQLi\Connection.php:306
Stack trace:
#0 C:\Users\Daniel Monfil\Documents\TEC INF ''A''\5TO SEMESTRE 2023\Taller Base de Datos\blogg_21te0390\system\Database\MySQLi\Connection.php(306): mysqli->query('\r\n\r\n', 0)
#1 C:\Users\Daniel Monfil\Documents\TEC INF ''A''\5TO SEMESTRE 2023\Taller Base de Datos\blogg_21te0390\system\Database\BaseConnection.php(692): CodeIgniter\Database\MySQLi\Connection->execute('\r\n\r\n')
#2 C:\Users\Daniel Monfil\Documents\TEC INF ''A''\5TO SEMESTRE 2023\Taller Base de Datos\blogg_21te0390\system\Database\BaseConnection.php(606): CodeIgniter\Database\BaseConnection->simpleQuery('\r\n\r\n')
#3 C:\Users\Daniel Monfil\Documents\TEC INF ''A''\5TO SEMESTRE 2023\Taller Base de Datos\blogg_21te0390\app\Controllers\PostController.php(70): CodeIgniter\Database\BaseConnection->query('\r\n\r\n')
#4 C:\Users\Daniel Monfil\Documents\TEC INF ''A''\5TO SEMESTRE 2023\Taller Base de Datos\blogg_21te0390\system\CodeIgniter.php(919): App\Controllers\PostController->ejercicio06()
#5 C:\Users\Daniel Monfil\Documents\TEC INF ''A''\5TO SEMESTRE 2023\Taller Base de Datos\blogg_21te0390\system\CodeIgniter.php(494): CodeIgniter\CodeIgniter->runController(Object(App\Controllers\PostController))
#6 C:\Users\Daniel Monfil\Documents\TEC INF ''A''\5TO SEMESTRE 2023\Taller Base de Datos\blogg_21te0390\system\CodeIgniter.php(353): CodeIgniter\CodeIgniter->handleRequest(NULL, Object(Config\Cache), false)
#7 C:\Users\Daniel Monfil\Documents\TEC INF ''A''\5TO SEMESTRE 2023\Taller Base de Datos\blogg_21te0390\public\index.php(79): CodeIgniter\CodeIgniter->run()
#8 C:\Users\Daniel Monfil\Documents\TEC INF ''A''\5TO SEMESTRE 2023\Taller Base de Datos\blogg_21te0390\system\Commands\Server\rewrite.php(47): require_once('C:\\Users\\Daniel...')
#9 {main}
CRITICAL - 2023-10-04 15:27:29 --> Query was empty
in SYSTEMPATH\Database\BaseConnection.php on line 646.
 1 APPPATH\Controllers\PostController.php(70): CodeIgniter\Database\BaseConnection->query('

')
 2 SYSTEMPATH\CodeIgniter.php(919): App\Controllers\PostController->ejercicio06()
 3 SYSTEMPATH\CodeIgniter.php(494): CodeIgniter\CodeIgniter->runController(Object(App\Controllers\PostController))
 4 SYSTEMPATH\CodeIgniter.php(353): CodeIgniter\CodeIgniter->handleRequest(null, Object(Config\Cache), false)
 5 FCPATH\index.php(79): CodeIgniter\CodeIgniter->run()
 6 SYSTEMPATH\Commands\Server\rewrite.php(47): require_once('C:\\Users\\Daniel Monfil\\Documents\\TEC INF \'\'A\'\'\\5TO SEMESTRE 2023\\Taller Base de Datos\\blogg_21te0390\\public\\index.php')
ERROR - 2023-10-04 15:29:20 --> mysqli_sql_exception: Query was empty in C:\Users\Daniel Monfil\Documents\TEC INF ''A''\5TO SEMESTRE 2023\Taller Base de Datos\blogg_21te0390\system\Database\MySQLi\Connection.php:306
Stack trace:
#0 C:\Users\Daniel Monfil\Documents\TEC INF ''A''\5TO SEMESTRE 2023\Taller Base de Datos\blogg_21te0390\system\Database\MySQLi\Connection.php(306): mysqli->query('\r\n\r\n', 0)
#1 C:\Users\Daniel Monfil\Documents\TEC INF ''A''\5TO SEMESTRE 2023\Taller Base de Datos\blogg_21te0390\system\Database\BaseConnection.php(692): CodeIgniter\Database\MySQLi\Connection->execute('\r\n\r\n')
#2 C:\Users\Daniel Monfil\Documents\TEC INF ''A''\5TO SEMESTRE 2023\Taller Base de Datos\blogg_21te0390\system\Database\BaseConnection.php(606): CodeIgniter\Database\BaseConnection->simpleQuery('\r\n\r\n')
#3 C:\Users\Daniel Monfil\Documents\TEC INF ''A''\5TO SEMESTRE 2023\Taller Base de Datos\blogg_21te0390\app\Controllers\PostController.php(70): CodeIgniter\Database\BaseConnection->query('\r\n\r\n')
#4 C:\Users\Daniel Monfil\Documents\TEC INF ''A''\5TO SEMESTRE 2023\Taller Base de Datos\blogg_21te0390\system\CodeIgniter.php(919): App\Controllers\PostController->ejercicio06()
#5 C:\Users\Daniel Monfil\Documents\TEC INF ''A''\5TO SEMESTRE 2023\Taller Base de Datos\blogg_21te0390\system\CodeIgniter.php(494): CodeIgniter\CodeIgniter->runController(Object(App\Controllers\PostController))
#6 C:\Users\Daniel Monfil\Documents\TEC INF ''A''\5TO SEMESTRE 2023\Taller Base de Datos\blogg_21te0390\system\CodeIgniter.php(353): CodeIgniter\CodeIgniter->handleRequest(NULL, Object(Config\Cache), false)
#7 C:\Users\Daniel Monfil\Documents\TEC INF ''A''\5TO SEMESTRE 2023\Taller Base de Datos\blogg_21te0390\public\index.php(79): CodeIgniter\CodeIgniter->run()
#8 C:\Users\Daniel Monfil\Documents\TEC INF ''A''\5TO SEMESTRE 2023\Taller Base de Datos\blogg_21te0390\system\Commands\Server\rewrite.php(47): require_once('C:\\Users\\Daniel...')
#9 {main}
CRITICAL - 2023-10-04 15:29:20 --> Query was empty
in SYSTEMPATH\Database\BaseConnection.php on line 646.
 1 APPPATH\Controllers\PostController.php(70): CodeIgniter\Database\BaseConnection->query('

')
 2 SYSTEMPATH\CodeIgniter.php(919): App\Controllers\PostController->ejercicio06()
 3 SYSTEMPATH\CodeIgniter.php(494): CodeIgniter\CodeIgniter->runController(Object(App\Controllers\PostController))
 4 SYSTEMPATH\CodeIgniter.php(353): CodeIgniter\CodeIgniter->handleRequest(null, Object(Config\Cache), false)
 5 FCPATH\index.php(79): CodeIgniter\CodeIgniter->run()
 6 SYSTEMPATH\Commands\Server\rewrite.php(47): require_once('C:\\Users\\Daniel Monfil\\Documents\\TEC INF \'\'A\'\'\\5TO SEMESTRE 2023\\Taller Base de Datos\\blogg_21te0390\\public\\index.php')
ERROR - 2023-10-04 15:51:29 --> mysqli_sql_exception: Query was empty in C:\Users\Daniel Monfil\Documents\TEC INF ''A''\5TO SEMESTRE 2023\Taller Base de Datos\blogg_21te0390\system\Database\MySQLi\Connection.php:306
Stack trace:
#0 C:\Users\Daniel Monfil\Documents\TEC INF ''A''\5TO SEMESTRE 2023\Taller Base de Datos\blogg_21te0390\system\Database\MySQLi\Connection.php(306): mysqli->query('\r\n\r\n', 0)
#1 C:\Users\Daniel Monfil\Documents\TEC INF ''A''\5TO SEMESTRE 2023\Taller Base de Datos\blogg_21te0390\system\Database\BaseConnection.php(692): CodeIgniter\Database\MySQLi\Connection->execute('\r\n\r\n')
#2 C:\Users\Daniel Monfil\Documents\TEC INF ''A''\5TO SEMESTRE 2023\Taller Base de Datos\blogg_21te0390\system\Database\BaseConnection.php(606): CodeIgniter\Database\BaseConnection->simpleQuery('\r\n\r\n')
#3 C:\Users\Daniel Monfil\Documents\TEC INF ''A''\5TO SEMESTRE 2023\Taller Base de Datos\blogg_21te0390\app\Controllers\PostController.php(70): CodeIgniter\Database\BaseConnection->query('\r\n\r\n')
#4 C:\Users\Daniel Monfil\Documents\TEC INF ''A''\5TO SEMESTRE 2023\Taller Base de Datos\blogg_21te0390\system\CodeIgniter.php(919): App\Controllers\PostController->ejercicio06()
#5 C:\Users\Daniel Monfil\Documents\TEC INF ''A''\5TO SEMESTRE 2023\Taller Base de Datos\blogg_21te0390\system\CodeIgniter.php(494): CodeIgniter\CodeIgniter->runController(Object(App\Controllers\PostController))
#6 C:\Users\Daniel Monfil\Documents\TEC INF ''A''\5TO SEMESTRE 2023\Taller Base de Datos\blogg_21te0390\system\CodeIgniter.php(353): CodeIgniter\CodeIgniter->handleRequest(NULL, Object(Config\Cache), false)
#7 C:\Users\Daniel Monfil\Documents\TEC INF ''A''\5TO SEMESTRE 2023\Taller Base de Datos\blogg_21te0390\public\index.php(79): CodeIgniter\CodeIgniter->run()
#8 C:\Users\Daniel Monfil\Documents\TEC INF ''A''\5TO SEMESTRE 2023\Taller Base de Datos\blogg_21te0390\system\Commands\Server\rewrite.php(47): require_once('C:\\Users\\Daniel...')
#9 {main}
CRITICAL - 2023-10-04 15:51:29 --> Query was empty
in SYSTEMPATH\Database\BaseConnection.php on line 646.
 1 APPPATH\Controllers\PostController.php(70): CodeIgniter\Database\BaseConnection->query('

')
 2 SYSTEMPATH\CodeIgniter.php(919): App\Controllers\PostController->ejercicio06()
 3 SYSTEMPATH\CodeIgniter.php(494): CodeIgniter\CodeIgniter->runController(Object(App\Controllers\PostController))
 4 SYSTEMPATH\CodeIgniter.php(353): CodeIgniter\CodeIgniter->handleRequest(null, Object(Config\Cache), false)
 5 FCPATH\index.php(79): CodeIgniter\CodeIgniter->run()
 6 SYSTEMPATH\Commands\Server\rewrite.php(47): require_once('C:\\Users\\Daniel Monfil\\Documents\\TEC INF \'\'A\'\'\\5TO SEMESTRE 2023\\Taller Base de Datos\\blogg_21te0390\\public\\index.php')
ERROR - 2023-10-04 15:51:32 --> mysqli_sql_exception: You have an error in your SQL syntax; check the manual that corresponds to your MariaDB server version for the right syntax to use near 'on u.id= ui.id where ui.gender = "f" and p.created_at between "2022/01/01" an...' at line 2 in C:\Users\Daniel Monfil\Documents\TEC INF ''A''\5TO SEMESTRE 2023\Taller Base de Datos\blogg_21te0390\system\Database\MySQLi\Connection.php:306
Stack trace:
#0 C:\Users\Daniel Monfil\Documents\TEC INF ''A''\5TO SEMESTRE 2023\Taller Base de Datos\blogg_21te0390\system\Database\MySQLi\Connection.php(306): mysqli->query('\r\nselect p.*, c...', 0)
#1 C:\Users\Daniel Monfil\Documents\TEC INF ''A''\5TO SEMESTRE 2023\Taller Base de Datos\blogg_21te0390\system\Database\BaseConnection.php(692): CodeIgniter\Database\MySQLi\Connection->execute('\r\nselect p.*, c...')
#2 C:\Users\Daniel Monfil\Documents\TEC INF ''A''\5TO SEMESTRE 2023\Taller Base de Datos\blogg_21te0390\system\Database\BaseConnection.php(606): CodeIgniter\Database\BaseConnection->simpleQuery('\r\nselect p.*, c...')
#3 C:\Users\Daniel Monfil\Documents\TEC INF ''A''\5TO SEMESTRE 2023\Taller Base de Datos\blogg_21te0390\app\Controllers\PostController.php(87): CodeIgniter\Database\BaseConnection->query('\r\nselect p.*, c...')
#4 C:\Users\Daniel Monfil\Documents\TEC INF ''A''\5TO SEMESTRE 2023\Taller Base de Datos\blogg_21te0390\system\CodeIgniter.php(919): App\Controllers\PostController->ejercicio07()
#5 C:\Users\Daniel Monfil\Documents\TEC INF ''A''\5TO SEMESTRE 2023\Taller Base de Datos\blogg_21te0390\system\CodeIgniter.php(494): CodeIgniter\CodeIgniter->runController(Object(App\Controllers\PostController))
#6 C:\Users\Daniel Monfil\Documents\TEC INF ''A''\5TO SEMESTRE 2023\Taller Base de Datos\blogg_21te0390\system\CodeIgniter.php(353): CodeIgniter\CodeIgniter->handleRequest(NULL, Object(Config\Cache), false)
#7 C:\Users\Daniel Monfil\Documents\TEC INF ''A''\5TO SEMESTRE 2023\Taller Base de Datos\blogg_21te0390\public\index.php(79): CodeIgniter\CodeIgniter->run()
#8 C:\Users\Daniel Monfil\Documents\TEC INF ''A''\5TO SEMESTRE 2023\Taller Base de Datos\blogg_21te0390\system\Commands\Server\rewrite.php(47): require_once('C:\\Users\\Daniel...')
#9 {main}
CRITICAL - 2023-10-04 15:51:32 --> You have an error in your SQL syntax; check the manual that corresponds to your MariaDB server version for the right syntax to use near 'on u.id= ui.id where ui.gender = "f" and p.created_at between "2022/01/01" an...' at line 2
in SYSTEMPATH\Database\BaseConnection.php on line 646.
 1 APPPATH\Controllers\PostController.php(87): CodeIgniter\Database\BaseConnection->query('
select p.*, count(*) as pepm, u.*, ui.* from posts as p join users as u on p.autor = u.id join userinfo as
ui on u.id on u.id= ui.id where ui.gender = "f" and p.created_at between "2022/01/01" and "2022/12/31"
')
 2 SYSTEMPATH\CodeIgniter.php(919): App\Controllers\PostController->ejercicio07()
 3 SYSTEMPATH\CodeIgniter.php(494): CodeIgniter\CodeIgniter->runController(Object(App\Controllers\PostController))
 4 SYSTEMPATH\CodeIgniter.php(353): CodeIgniter\CodeIgniter->handleRequest(null, Object(Config\Cache), false)
 5 FCPATH\index.php(79): CodeIgniter\CodeIgniter->run()
 6 SYSTEMPATH\Commands\Server\rewrite.php(47): require_once('C:\\Users\\Daniel Monfil\\Documents\\TEC INF \'\'A\'\'\\5TO SEMESTRE 2023\\Taller Base de Datos\\blogg_21te0390\\public\\index.php')
ERROR - 2023-10-04 15:55:05 --> mysqli_sql_exception: You have an error in your SQL syntax; check the manual that corresponds to your MariaDB server version for the right syntax to use near 'on u.id= ui.id where ui.gender = "f" and p.created_at between "2022/01/01" an...' at line 2 in C:\Users\Daniel Monfil\Documents\TEC INF ''A''\5TO SEMESTRE 2023\Taller Base de Datos\blogg_21te0390\system\Database\MySQLi\Connection.php:306
Stack trace:
#0 C:\Users\Daniel Monfil\Documents\TEC INF ''A''\5TO SEMESTRE 2023\Taller Base de Datos\blogg_21te0390\system\Database\MySQLi\Connection.php(306): mysqli->query('\r\nselect p.*, c...', 0)
#1 C:\Users\Daniel Monfil\Documents\TEC INF ''A''\5TO SEMESTRE 2023\Taller Base de Datos\blogg_21te0390\system\Database\BaseConnection.php(692): CodeIgniter\Database\MySQLi\Connection->execute('\r\nselect p.*, c...')
#2 C:\Users\Daniel Monfil\Documents\TEC INF ''A''\5TO SEMESTRE 2023\Taller Base de Datos\blogg_21te0390\system\Database\BaseConnection.php(606): CodeIgniter\Database\BaseConnection->simpleQuery('\r\nselect p.*, c...')
#3 C:\Users\Daniel Monfil\Documents\TEC INF ''A''\5TO SEMESTRE 2023\Taller Base de Datos\blogg_21te0390\app\Controllers\PostController.php(87): CodeIgniter\Database\BaseConnection->query('\r\nselect p.*, c...')
#4 C:\Users\Daniel Monfil\Documents\TEC INF ''A''\5TO SEMESTRE 2023\Taller Base de Datos\blogg_21te0390\system\CodeIgniter.php(919): App\Controllers\PostController->ejercicio07()
#5 C:\Users\Daniel Monfil\Documents\TEC INF ''A''\5TO SEMESTRE 2023\Taller Base de Datos\blogg_21te0390\system\CodeIgniter.php(494): CodeIgniter\CodeIgniter->runController(Object(App\Controllers\PostController))
#6 C:\Users\Daniel Monfil\Documents\TEC INF ''A''\5TO SEMESTRE 2023\Taller Base de Datos\blogg_21te0390\system\CodeIgniter.php(353): CodeIgniter\CodeIgniter->handleRequest(NULL, Object(Config\Cache), false)
#7 C:\Users\Daniel Monfil\Documents\TEC INF ''A''\5TO SEMESTRE 2023\Taller Base de Datos\blogg_21te0390\public\index.php(79): CodeIgniter\CodeIgniter->run()
#8 C:\Users\Daniel Monfil\Documents\TEC INF ''A''\5TO SEMESTRE 2023\Taller Base de Datos\blogg_21te0390\system\Commands\Server\rewrite.php(47): require_once('C:\\Users\\Daniel...')
#9 {main}
CRITICAL - 2023-10-04 15:55:05 --> You have an error in your SQL syntax; check the manual that corresponds to your MariaDB server version for the right syntax to use near 'on u.id= ui.id where ui.gender = "f" and p.created_at between "2022/01/01" an...' at line 2
in SYSTEMPATH\Database\BaseConnection.php on line 646.
 1 APPPATH\Controllers\PostController.php(87): CodeIgniter\Database\BaseConnection->query('
select p.*, count(*) as pepm, u.*, ui.* from posts as p join users as u on p.autor = u.id join userinfo as
ui on u.id on u.id= ui.id where ui.gender = "f" and p.created_at between "2022/01/01" and "2022/12/31"
')
 2 SYSTEMPATH\CodeIgniter.php(919): App\Controllers\PostController->ejercicio07()
 3 SYSTEMPATH\CodeIgniter.php(494): CodeIgniter\CodeIgniter->runController(Object(App\Controllers\PostController))
 4 SYSTEMPATH\CodeIgniter.php(353): CodeIgniter\CodeIgniter->handleRequest(null, Object(Config\Cache), false)
 5 FCPATH\index.php(79): CodeIgniter\CodeIgniter->run()
 6 SYSTEMPATH\Commands\Server\rewrite.php(47): require_once('C:\\Users\\Daniel Monfil\\Documents\\TEC INF \'\'A\'\'\\5TO SEMESTRE 2023\\Taller Base de Datos\\blogg_21te0390\\public\\index.php')
