CRITICAL - 2023-10-03 03:05:48 --> syntax error, unexpected token "<", expecting "function" or "const"
in APPPATH\Controllers\UserController.php on line 27.
 1 SYSTEMPATH\Autoloader\Autoloader.php(285): CodeIgniter\Autoloader\Autoloader->includeFile('C:\\Users\\Daniel Monfil\\Documents\\TEC INF \'\'A\'\'\\5TO SEMESTRE 2023\\Taller Base de Datos\\blogg_21te0390\\app\\Controllers\\UserController.php')
 2 SYSTEMPATH\Autoloader\Autoloader.php(263): CodeIgniter\Autoloader\Autoloader->loadInNamespace('App\\Controllers\\UserController')
 3 [internal function]: CodeIgniter\Autoloader\Autoloader->loadClass('App\\Controllers\\UserController')
 4 SYSTEMPATH\CodeIgniter.php(877): class_exists('\\App\\Controllers\\UserController', true)
 5 SYSTEMPATH\CodeIgniter.php(481): CodeIgniter\CodeIgniter->startController()
 6 SYSTEMPATH\CodeIgniter.php(353): CodeIgniter\CodeIgniter->handleRequest(null, Object(Config\Cache), false)
 7 FCPATH\index.php(79): CodeIgniter\CodeIgniter->run()
 8 SYSTEMPATH\Commands\Server\rewrite.php(47): require_once('C:\\Users\\Daniel Monfil\\Documents\\TEC INF \'\'A\'\'\\5TO SEMESTRE 2023\\Taller Base de Datos\\blogg_21te0390\\public\\index.php')
CRITICAL - 2023-10-03 03:08:38 --> Undefined variable $usuarios
in APPPATH\Controllers\UserController.php on line 6.
 1 APPPATH\Controllers\UserController.php(6): CodeIgniter\Debug\Exceptions->errorHandler(2, 'Undefined variable $usuarios', 'C:\\Users\\Daniel Monfil\\Documents\\TEC INF \'\'A\'\'\\5TO SEMESTRE 2023\\Taller Base de Datos\\blogg_21te0390\\app\\Controllers\\UserController.php', 6)
 2 SYSTEMPATH\Autoloader\Autoloader.php(306): include_once('C:\\Users\\Daniel Monfil\\Documents\\TEC INF \'\'A\'\'\\5TO SEMESTRE 2023\\Taller Base de Datos\\blogg_21te0390\\app\\Controllers\\UserController.php')
 3 SYSTEMPATH\Autoloader\Autoloader.php(285): CodeIgniter\Autoloader\Autoloader->includeFile('C:\\Users\\Daniel Monfil\\Documents\\TEC INF \'\'A\'\'\\5TO SEMESTRE 2023\\Taller Base de Datos\\blogg_21te0390\\app\\Controllers\\UserController.php')
 4 SYSTEMPATH\Autoloader\Autoloader.php(263): CodeIgniter\Autoloader\Autoloader->loadInNamespace('App\\Controllers\\UserController')
 5 [internal function]: CodeIgniter\Autoloader\Autoloader->loadClass('App\\Controllers\\UserController')
 6 SYSTEMPATH\CodeIgniter.php(877): class_exists('\\App\\Controllers\\UserController', true)
 7 SYSTEMPATH\CodeIgniter.php(481): CodeIgniter\CodeIgniter->startController()
 8 SYSTEMPATH\CodeIgniter.php(353): CodeIgniter\CodeIgniter->handleRequest(null, Object(Config\Cache), false)
 9 FCPATH\index.php(79): CodeIgniter\CodeIgniter->run()
10 SYSTEMPATH\Commands\Server\rewrite.php(47): require_once('C:\\Users\\Daniel Monfil\\Documents\\TEC INF \'\'A\'\'\\5TO SEMESTRE 2023\\Taller Base de Datos\\blogg_21te0390\\public\\index.php')
CRITICAL - 2023-10-03 03:09:16 --> Undefined variable $usuarios
in APPPATH\Controllers\UserController.php on line 6.
 1 APPPATH\Controllers\UserController.php(6): CodeIgniter\Debug\Exceptions->errorHandler(2, 'Undefined variable $usuarios', 'C:\\Users\\Daniel Monfil\\Documents\\TEC INF \'\'A\'\'\\5TO SEMESTRE 2023\\Taller Base de Datos\\blogg_21te0390\\app\\Controllers\\UserController.php', 6)
 2 SYSTEMPATH\Autoloader\Autoloader.php(306): include_once('C:\\Users\\Daniel Monfil\\Documents\\TEC INF \'\'A\'\'\\5TO SEMESTRE 2023\\Taller Base de Datos\\blogg_21te0390\\app\\Controllers\\UserController.php')
 3 SYSTEMPATH\Autoloader\Autoloader.php(285): CodeIgniter\Autoloader\Autoloader->includeFile('C:\\Users\\Daniel Monfil\\Documents\\TEC INF \'\'A\'\'\\5TO SEMESTRE 2023\\Taller Base de Datos\\blogg_21te0390\\app\\Controllers\\UserController.php')
 4 SYSTEMPATH\Autoloader\Autoloader.php(263): CodeIgniter\Autoloader\Autoloader->loadInNamespace('App\\Controllers\\UserController')
 5 [internal function]: CodeIgniter\Autoloader\Autoloader->loadClass('App\\Controllers\\UserController')
 6 SYSTEMPATH\CodeIgniter.php(877): class_exists('\\App\\Controllers\\UserController', true)
 7 SYSTEMPATH\CodeIgniter.php(481): CodeIgniter\CodeIgniter->startController()
 8 SYSTEMPATH\CodeIgniter.php(353): CodeIgniter\CodeIgniter->handleRequest(null, Object(Config\Cache), false)
 9 FCPATH\index.php(79): CodeIgniter\CodeIgniter->run()
10 SYSTEMPATH\Commands\Server\rewrite.php(47): require_once('C:\\Users\\Daniel Monfil\\Documents\\TEC INF \'\'A\'\'\\5TO SEMESTRE 2023\\Taller Base de Datos\\blogg_21te0390\\public\\index.php')
CRITICAL - 2023-10-03 14:56:51 --> Invalid file: "users/usuarios.php"
in SYSTEMPATH\Exceptions\FrameworkException.php on line 39.
 1 SYSTEMPATH\View\View.php(214): CodeIgniter\Exceptions\FrameworkException::forInvalidFile('users/usuarios.php')
 2 SYSTEMPATH\Common.php(1188): CodeIgniter\View\View->render('users/usuarios', [], true)
 3 APPPATH\Controllers\UserController.php(31): view('users/usuarios', [...])
 4 SYSTEMPATH\CodeIgniter.php(919): App\Controllers\UserController->usuarios()
 5 SYSTEMPATH\CodeIgniter.php(494): CodeIgniter\CodeIgniter->runController(Object(App\Controllers\UserController))
 6 SYSTEMPATH\CodeIgniter.php(353): CodeIgniter\CodeIgniter->handleRequest(null, Object(Config\Cache), false)
 7 FCPATH\index.php(79): CodeIgniter\CodeIgniter->run()
 8 SYSTEMPATH\Commands\Server\rewrite.php(47): require_once('C:\\Users\\Daniel Monfil\\Documents\\TEC INF \'\'A\'\'\\5TO SEMESTRE 2023\\Taller Base de Datos\\blogg_21te0390\\public\\index.php')
CRITICAL - 2023-10-03 15:03:48 --> syntax error, unexpected token "}"
in APPPATH\Controllers\PostController.php on line 20.
 1 SYSTEMPATH\Autoloader\Autoloader.php(285): CodeIgniter\Autoloader\Autoloader->includeFile('C:\\Users\\Daniel Monfil\\Documents\\TEC INF \'\'A\'\'\\5TO SEMESTRE 2023\\Taller Base de Datos\\blogg_21te0390\\app\\Controllers\\PostController.php')
 2 SYSTEMPATH\Autoloader\Autoloader.php(263): CodeIgniter\Autoloader\Autoloader->loadInNamespace('App\\Controllers\\PostController')
 3 [internal function]: CodeIgniter\Autoloader\Autoloader->loadClass('App\\Controllers\\PostController')
 4 SYSTEMPATH\CodeIgniter.php(877): class_exists('\\App\\Controllers\\PostController', true)
 5 SYSTEMPATH\CodeIgniter.php(481): CodeIgniter\CodeIgniter->startController()
 6 SYSTEMPATH\CodeIgniter.php(353): CodeIgniter\CodeIgniter->handleRequest(null, Object(Config\Cache), false)
 7 FCPATH\index.php(79): CodeIgniter\CodeIgniter->run()
 8 SYSTEMPATH\Commands\Server\rewrite.php(47): require_once('C:\\Users\\Daniel Monfil\\Documents\\TEC INF \'\'A\'\'\\5TO SEMESTRE 2023\\Taller Base de Datos\\blogg_21te0390\\public\\index.php')
ERROR - 2023-10-03 15:03:58 --> mysqli_sql_exception: You have an error in your SQL syntax; check the manual that corresponds to your MariaDB server version for the right syntax to use near 'from posts limit 10' at line 1 in C:\Users\Daniel Monfil\Documents\TEC INF ''A''\5TO SEMESTRE 2023\Taller Base de Datos\blogg_21te0390\system\Database\MySQLi\Connection.php:306
Stack trace:
#0 C:\Users\Daniel Monfil\Documents\TEC INF ''A''\5TO SEMESTRE 2023\Taller Base de Datos\blogg_21te0390\system\Database\MySQLi\Connection.php(306): mysqli->query('select from pos...', 0)
#1 C:\Users\Daniel Monfil\Documents\TEC INF ''A''\5TO SEMESTRE 2023\Taller Base de Datos\blogg_21te0390\system\Database\BaseConnection.php(692): CodeIgniter\Database\MySQLi\Connection->execute('select from pos...')
#2 C:\Users\Daniel Monfil\Documents\TEC INF ''A''\5TO SEMESTRE 2023\Taller Base de Datos\blogg_21te0390\system\Database\BaseConnection.php(606): CodeIgniter\Database\BaseConnection->simpleQuery('select from pos...')
#3 C:\Users\Daniel Monfil\Documents\TEC INF ''A''\5TO SEMESTRE 2023\Taller Base de Datos\blogg_21te0390\app\Controllers\PostController.php(14): CodeIgniter\Database\BaseConnection->query('select from pos...')
#4 C:\Users\Daniel Monfil\Documents\TEC INF ''A''\5TO SEMESTRE 2023\Taller Base de Datos\blogg_21te0390\system\CodeIgniter.php(919): App\Controllers\PostController->ejercicio01()
#5 C:\Users\Daniel Monfil\Documents\TEC INF ''A''\5TO SEMESTRE 2023\Taller Base de Datos\blogg_21te0390\system\CodeIgniter.php(494): CodeIgniter\CodeIgniter->runController(Object(App\Controllers\PostController))
#6 C:\Users\Daniel Monfil\Documents\TEC INF ''A''\5TO SEMESTRE 2023\Taller Base de Datos\blogg_21te0390\system\CodeIgniter.php(353): CodeIgniter\CodeIgniter->handleRequest(NULL, Object(Config\Cache), false)
#7 C:\Users\Daniel Monfil\Documents\TEC INF ''A''\5TO SEMESTRE 2023\Taller Base de Datos\blogg_21te0390\public\index.php(79): CodeIgniter\CodeIgniter->run()
#8 C:\Users\Daniel Monfil\Documents\TEC INF ''A''\5TO SEMESTRE 2023\Taller Base de Datos\blogg_21te0390\system\Commands\Server\rewrite.php(47): require_once('C:\\Users\\Daniel...')
#9 {main}
CRITICAL - 2023-10-03 15:03:58 --> You have an error in your SQL syntax; check the manual that corresponds to your MariaDB server version for the right syntax to use near 'from posts limit 10' at line 1
in SYSTEMPATH\Database\BaseConnection.php on line 646.
 1 APPPATH\Controllers\PostController.php(14): CodeIgniter\Database\BaseConnection->query('select from posts limit 10')
 2 SYSTEMPATH\CodeIgniter.php(919): App\Controllers\PostController->ejercicio01()
 3 SYSTEMPATH\CodeIgniter.php(494): CodeIgniter\CodeIgniter->runController(Object(App\Controllers\PostController))
 4 SYSTEMPATH\CodeIgniter.php(353): CodeIgniter\CodeIgniter->handleRequest(null, Object(Config\Cache), false)
 5 FCPATH\index.php(79): CodeIgniter\CodeIgniter->run()
 6 SYSTEMPATH\Commands\Server\rewrite.php(47): require_once('C:\\Users\\Daniel Monfil\\Documents\\TEC INF \'\'A\'\'\\5TO SEMESTRE 2023\\Taller Base de Datos\\blogg_21te0390\\public\\index.php')
ERROR - 2023-10-03 15:04:11 --> mysqli_sql_exception: You have an error in your SQL syntax; check the manual that corresponds to your MariaDB server version for the right syntax to use near 'from posts limit 10' at line 1 in C:\Users\Daniel Monfil\Documents\TEC INF ''A''\5TO SEMESTRE 2023\Taller Base de Datos\blogg_21te0390\system\Database\MySQLi\Connection.php:306
Stack trace:
#0 C:\Users\Daniel Monfil\Documents\TEC INF ''A''\5TO SEMESTRE 2023\Taller Base de Datos\blogg_21te0390\system\Database\MySQLi\Connection.php(306): mysqli->query('select from pos...', 0)
#1 C:\Users\Daniel Monfil\Documents\TEC INF ''A''\5TO SEMESTRE 2023\Taller Base de Datos\blogg_21te0390\system\Database\BaseConnection.php(692): CodeIgniter\Database\MySQLi\Connection->execute('select from pos...')
#2 C:\Users\Daniel Monfil\Documents\TEC INF ''A''\5TO SEMESTRE 2023\Taller Base de Datos\blogg_21te0390\system\Database\BaseConnection.php(606): CodeIgniter\Database\BaseConnection->simpleQuery('select from pos...')
#3 C:\Users\Daniel Monfil\Documents\TEC INF ''A''\5TO SEMESTRE 2023\Taller Base de Datos\blogg_21te0390\app\Controllers\PostController.php(14): CodeIgniter\Database\BaseConnection->query('select from pos...')
#4 C:\Users\Daniel Monfil\Documents\TEC INF ''A''\5TO SEMESTRE 2023\Taller Base de Datos\blogg_21te0390\system\CodeIgniter.php(919): App\Controllers\PostController->ejercicio01()
#5 C:\Users\Daniel Monfil\Documents\TEC INF ''A''\5TO SEMESTRE 2023\Taller Base de Datos\blogg_21te0390\system\CodeIgniter.php(494): CodeIgniter\CodeIgniter->runController(Object(App\Controllers\PostController))
#6 C:\Users\Daniel Monfil\Documents\TEC INF ''A''\5TO SEMESTRE 2023\Taller Base de Datos\blogg_21te0390\system\CodeIgniter.php(353): CodeIgniter\CodeIgniter->handleRequest(NULL, Object(Config\Cache), false)
#7 C:\Users\Daniel Monfil\Documents\TEC INF ''A''\5TO SEMESTRE 2023\Taller Base de Datos\blogg_21te0390\public\index.php(79): CodeIgniter\CodeIgniter->run()
#8 C:\Users\Daniel Monfil\Documents\TEC INF ''A''\5TO SEMESTRE 2023\Taller Base de Datos\blogg_21te0390\system\Commands\Server\rewrite.php(47): require_once('C:\\Users\\Daniel...')
#9 {main}
CRITICAL - 2023-10-03 15:04:11 --> You have an error in your SQL syntax; check the manual that corresponds to your MariaDB server version for the right syntax to use near 'from posts limit 10' at line 1
in SYSTEMPATH\Database\BaseConnection.php on line 646.
 1 APPPATH\Controllers\PostController.php(14): CodeIgniter\Database\BaseConnection->query('select from posts limit 10')
 2 SYSTEMPATH\CodeIgniter.php(919): App\Controllers\PostController->ejercicio01()
 3 SYSTEMPATH\CodeIgniter.php(494): CodeIgniter\CodeIgniter->runController(Object(App\Controllers\PostController))
 4 SYSTEMPATH\CodeIgniter.php(353): CodeIgniter\CodeIgniter->handleRequest(null, Object(Config\Cache), false)
 5 FCPATH\index.php(79): CodeIgniter\CodeIgniter->run()
 6 SYSTEMPATH\Commands\Server\rewrite.php(47): require_once('C:\\Users\\Daniel Monfil\\Documents\\TEC INF \'\'A\'\'\\5TO SEMESTRE 2023\\Taller Base de Datos\\blogg_21te0390\\public\\index.php')
ERROR - 2023-10-03 15:12:18 --> mysqli_sql_exception: You have an error in your SQL syntax; check the manual that corresponds to your MariaDB server version for the right syntax to use near 'c.* from categories as c left join posts as p on p.category
    = c.id limit 10' at line 1 in C:\Users\Daniel Monfil\Documents\TEC INF ''A''\5TO SEMESTRE 2023\Taller Base de Datos\blogg_21te0390\system\Database\MySQLi\Connection.php:306
Stack trace:
#0 C:\Users\Daniel Monfil\Documents\TEC INF ''A''\5TO SEMESTRE 2023\Taller Base de Datos\blogg_21te0390\system\Database\MySQLi\Connection.php(306): mysqli->query('select p.* c.* ...', 0)
#1 C:\Users\Daniel Monfil\Documents\TEC INF ''A''\5TO SEMESTRE 2023\Taller Base de Datos\blogg_21te0390\system\Database\BaseConnection.php(692): CodeIgniter\Database\MySQLi\Connection->execute('select p.* c.* ...')
#2 C:\Users\Daniel Monfil\Documents\TEC INF ''A''\5TO SEMESTRE 2023\Taller Base de Datos\blogg_21te0390\system\Database\BaseConnection.php(606): CodeIgniter\Database\BaseConnection->simpleQuery('select p.* c.* ...')
#3 C:\Users\Daniel Monfil\Documents\TEC INF ''A''\5TO SEMESTRE 2023\Taller Base de Datos\blogg_21te0390\app\Controllers\PostController.php(11): CodeIgniter\Database\BaseConnection->query('select p.* c.* ...')
#4 C:\Users\Daniel Monfil\Documents\TEC INF ''A''\5TO SEMESTRE 2023\Taller Base de Datos\blogg_21te0390\system\CodeIgniter.php(919): App\Controllers\PostController->ejercicio01()
#5 C:\Users\Daniel Monfil\Documents\TEC INF ''A''\5TO SEMESTRE 2023\Taller Base de Datos\blogg_21te0390\system\CodeIgniter.php(494): CodeIgniter\CodeIgniter->runController(Object(App\Controllers\PostController))
#6 C:\Users\Daniel Monfil\Documents\TEC INF ''A''\5TO SEMESTRE 2023\Taller Base de Datos\blogg_21te0390\system\CodeIgniter.php(353): CodeIgniter\CodeIgniter->handleRequest(NULL, Object(Config\Cache), false)
#7 C:\Users\Daniel Monfil\Documents\TEC INF ''A''\5TO SEMESTRE 2023\Taller Base de Datos\blogg_21te0390\public\index.php(79): CodeIgniter\CodeIgniter->run()
#8 C:\Users\Daniel Monfil\Documents\TEC INF ''A''\5TO SEMESTRE 2023\Taller Base de Datos\blogg_21te0390\system\Commands\Server\rewrite.php(47): require_once('C:\\Users\\Daniel...')
#9 {main}
CRITICAL - 2023-10-03 15:12:18 --> You have an error in your SQL syntax; check the manual that corresponds to your MariaDB server version for the right syntax to use near 'c.* from categories as c left join posts as p on p.category
    = c.id limit 10' at line 1
in SYSTEMPATH\Database\BaseConnection.php on line 646.
 1 APPPATH\Controllers\PostController.php(11): CodeIgniter\Database\BaseConnection->query('select p.* c.* from categories as c left join posts as p on p.category
    = c.id limit 10')
 2 SYSTEMPATH\CodeIgniter.php(919): App\Controllers\PostController->ejercicio01()
 3 SYSTEMPATH\CodeIgniter.php(494): CodeIgniter\CodeIgniter->runController(Object(App\Controllers\PostController))
 4 SYSTEMPATH\CodeIgniter.php(353): CodeIgniter\CodeIgniter->handleRequest(null, Object(Config\Cache), false)
 5 FCPATH\index.php(79): CodeIgniter\CodeIgniter->run()
 6 SYSTEMPATH\Commands\Server\rewrite.php(47): require_once('C:\\Users\\Daniel Monfil\\Documents\\TEC INF \'\'A\'\'\\5TO SEMESTRE 2023\\Taller Base de Datos\\blogg_21te0390\\public\\index.php')
ERROR - 2023-10-03 15:47:26 --> mysqli_sql_exception: You have an error in your SQL syntax; check the manual that corresponds to your MariaDB server version for the right syntax to use near '*) from users' at line 1 in C:\Users\Daniel Monfil\Documents\TEC INF ''A''\5TO SEMESTRE 2023\Taller Base de Datos\blogg_21te0390\system\Database\MySQLi\Connection.php:306
Stack trace:
#0 C:\Users\Daniel Monfil\Documents\TEC INF ''A''\5TO SEMESTRE 2023\Taller Base de Datos\blogg_21te0390\system\Database\MySQLi\Connection.php(306): mysqli->query('select count (*...', 0)
#1 C:\Users\Daniel Monfil\Documents\TEC INF ''A''\5TO SEMESTRE 2023\Taller Base de Datos\blogg_21te0390\system\Database\BaseConnection.php(692): CodeIgniter\Database\MySQLi\Connection->execute('select count (*...')
#2 C:\Users\Daniel Monfil\Documents\TEC INF ''A''\5TO SEMESTRE 2023\Taller Base de Datos\blogg_21te0390\system\Database\BaseConnection.php(606): CodeIgniter\Database\BaseConnection->simpleQuery('select count (*...')
#3 C:\Users\Daniel Monfil\Documents\TEC INF ''A''\5TO SEMESTRE 2023\Taller Base de Datos\blogg_21te0390\app\Controllers\PostController.php(29): CodeIgniter\Database\BaseConnection->query('select count (*...')
#4 C:\Users\Daniel Monfil\Documents\TEC INF ''A''\5TO SEMESTRE 2023\Taller Base de Datos\blogg_21te0390\system\CodeIgniter.php(919): App\Controllers\PostController->ejercicio05()
#5 C:\Users\Daniel Monfil\Documents\TEC INF ''A''\5TO SEMESTRE 2023\Taller Base de Datos\blogg_21te0390\system\CodeIgniter.php(494): CodeIgniter\CodeIgniter->runController(Object(App\Controllers\PostController))
#6 C:\Users\Daniel Monfil\Documents\TEC INF ''A''\5TO SEMESTRE 2023\Taller Base de Datos\blogg_21te0390\system\CodeIgniter.php(353): CodeIgniter\CodeIgniter->handleRequest(NULL, Object(Config\Cache), false)
#7 C:\Users\Daniel Monfil\Documents\TEC INF ''A''\5TO SEMESTRE 2023\Taller Base de Datos\blogg_21te0390\public\index.php(79): CodeIgniter\CodeIgniter->run()
#8 C:\Users\Daniel Monfil\Documents\TEC INF ''A''\5TO SEMESTRE 2023\Taller Base de Datos\blogg_21te0390\system\Commands\Server\rewrite.php(47): require_once('C:\\Users\\Daniel...')
#9 {main}
CRITICAL - 2023-10-03 15:47:26 --> You have an error in your SQL syntax; check the manual that corresponds to your MariaDB server version for the right syntax to use near '*) from users' at line 1
in SYSTEMPATH\Database\BaseConnection.php on line 646.
 1 APPPATH\Controllers\PostController.php(29): CodeIgniter\Database\BaseConnection->query('select count (*) from users')
 2 SYSTEMPATH\CodeIgniter.php(919): App\Controllers\PostController->ejercicio05()
 3 SYSTEMPATH\CodeIgniter.php(494): CodeIgniter\CodeIgniter->runController(Object(App\Controllers\PostController))
 4 SYSTEMPATH\CodeIgniter.php(353): CodeIgniter\CodeIgniter->handleRequest(null, Object(Config\Cache), false)
 5 FCPATH\index.php(79): CodeIgniter\CodeIgniter->run()
 6 SYSTEMPATH\Commands\Server\rewrite.php(47): require_once('C:\\Users\\Daniel Monfil\\Documents\\TEC INF \'\'A\'\'\\5TO SEMESTRE 2023\\Taller Base de Datos\\blogg_21te0390\\public\\index.php')
ERROR - 2023-10-03 15:48:24 --> mysqli_sql_exception: You have an error in your SQL syntax; check the manual that corresponds to your MariaDB server version for the right syntax to use near '*) from users' at line 1 in C:\Users\Daniel Monfil\Documents\TEC INF ''A''\5TO SEMESTRE 2023\Taller Base de Datos\blogg_21te0390\system\Database\MySQLi\Connection.php:306
Stack trace:
#0 C:\Users\Daniel Monfil\Documents\TEC INF ''A''\5TO SEMESTRE 2023\Taller Base de Datos\blogg_21te0390\system\Database\MySQLi\Connection.php(306): mysqli->query('select count (*...', 0)
#1 C:\Users\Daniel Monfil\Documents\TEC INF ''A''\5TO SEMESTRE 2023\Taller Base de Datos\blogg_21te0390\system\Database\BaseConnection.php(692): CodeIgniter\Database\MySQLi\Connection->execute('select count (*...')
#2 C:\Users\Daniel Monfil\Documents\TEC INF ''A''\5TO SEMESTRE 2023\Taller Base de Datos\blogg_21te0390\system\Database\BaseConnection.php(606): CodeIgniter\Database\BaseConnection->simpleQuery('select count (*...')
#3 C:\Users\Daniel Monfil\Documents\TEC INF ''A''\5TO SEMESTRE 2023\Taller Base de Datos\blogg_21te0390\app\Controllers\PostController.php(29): CodeIgniter\Database\BaseConnection->query('select count (*...')
#4 C:\Users\Daniel Monfil\Documents\TEC INF ''A''\5TO SEMESTRE 2023\Taller Base de Datos\blogg_21te0390\system\CodeIgniter.php(919): App\Controllers\PostController->ejercicio05()
#5 C:\Users\Daniel Monfil\Documents\TEC INF ''A''\5TO SEMESTRE 2023\Taller Base de Datos\blogg_21te0390\system\CodeIgniter.php(494): CodeIgniter\CodeIgniter->runController(Object(App\Controllers\PostController))
#6 C:\Users\Daniel Monfil\Documents\TEC INF ''A''\5TO SEMESTRE 2023\Taller Base de Datos\blogg_21te0390\system\CodeIgniter.php(353): CodeIgniter\CodeIgniter->handleRequest(NULL, Object(Config\Cache), false)
#7 C:\Users\Daniel Monfil\Documents\TEC INF ''A''\5TO SEMESTRE 2023\Taller Base de Datos\blogg_21te0390\public\index.php(79): CodeIgniter\CodeIgniter->run()
#8 C:\Users\Daniel Monfil\Documents\TEC INF ''A''\5TO SEMESTRE 2023\Taller Base de Datos\blogg_21te0390\system\Commands\Server\rewrite.php(47): require_once('C:\\Users\\Daniel...')
#9 {main}
CRITICAL - 2023-10-03 15:48:24 --> You have an error in your SQL syntax; check the manual that corresponds to your MariaDB server version for the right syntax to use near '*) from users' at line 1
in SYSTEMPATH\Database\BaseConnection.php on line 646.
 1 APPPATH\Controllers\PostController.php(29): CodeIgniter\Database\BaseConnection->query('select count (*) from users')
 2 SYSTEMPATH\CodeIgniter.php(919): App\Controllers\PostController->ejercicio05()
 3 SYSTEMPATH\CodeIgniter.php(494): CodeIgniter\CodeIgniter->runController(Object(App\Controllers\PostController))
 4 SYSTEMPATH\CodeIgniter.php(353): CodeIgniter\CodeIgniter->handleRequest(null, Object(Config\Cache), false)
 5 FCPATH\index.php(79): CodeIgniter\CodeIgniter->run()
 6 SYSTEMPATH\Commands\Server\rewrite.php(47): require_once('C:\\Users\\Daniel Monfil\\Documents\\TEC INF \'\'A\'\'\\5TO SEMESTRE 2023\\Taller Base de Datos\\blogg_21te0390\\public\\index.php')
ERROR - 2023-10-03 15:48:25 --> mysqli_sql_exception: You have an error in your SQL syntax; check the manual that corresponds to your MariaDB server version for the right syntax to use near '*) from users' at line 1 in C:\Users\Daniel Monfil\Documents\TEC INF ''A''\5TO SEMESTRE 2023\Taller Base de Datos\blogg_21te0390\system\Database\MySQLi\Connection.php:306
Stack trace:
#0 C:\Users\Daniel Monfil\Documents\TEC INF ''A''\5TO SEMESTRE 2023\Taller Base de Datos\blogg_21te0390\system\Database\MySQLi\Connection.php(306): mysqli->query('select count (*...', 0)
#1 C:\Users\Daniel Monfil\Documents\TEC INF ''A''\5TO SEMESTRE 2023\Taller Base de Datos\blogg_21te0390\system\Database\BaseConnection.php(692): CodeIgniter\Database\MySQLi\Connection->execute('select count (*...')
#2 C:\Users\Daniel Monfil\Documents\TEC INF ''A''\5TO SEMESTRE 2023\Taller Base de Datos\blogg_21te0390\system\Database\BaseConnection.php(606): CodeIgniter\Database\BaseConnection->simpleQuery('select count (*...')
#3 C:\Users\Daniel Monfil\Documents\TEC INF ''A''\5TO SEMESTRE 2023\Taller Base de Datos\blogg_21te0390\app\Controllers\PostController.php(29): CodeIgniter\Database\BaseConnection->query('select count (*...')
#4 C:\Users\Daniel Monfil\Documents\TEC INF ''A''\5TO SEMESTRE 2023\Taller Base de Datos\blogg_21te0390\system\CodeIgniter.php(919): App\Controllers\PostController->ejercicio05()
#5 C:\Users\Daniel Monfil\Documents\TEC INF ''A''\5TO SEMESTRE 2023\Taller Base de Datos\blogg_21te0390\system\CodeIgniter.php(494): CodeIgniter\CodeIgniter->runController(Object(App\Controllers\PostController))
#6 C:\Users\Daniel Monfil\Documents\TEC INF ''A''\5TO SEMESTRE 2023\Taller Base de Datos\blogg_21te0390\system\CodeIgniter.php(353): CodeIgniter\CodeIgniter->handleRequest(NULL, Object(Config\Cache), false)
#7 C:\Users\Daniel Monfil\Documents\TEC INF ''A''\5TO SEMESTRE 2023\Taller Base de Datos\blogg_21te0390\public\index.php(79): CodeIgniter\CodeIgniter->run()
#8 C:\Users\Daniel Monfil\Documents\TEC INF ''A''\5TO SEMESTRE 2023\Taller Base de Datos\blogg_21te0390\system\Commands\Server\rewrite.php(47): require_once('C:\\Users\\Daniel...')
#9 {main}
CRITICAL - 2023-10-03 15:48:25 --> You have an error in your SQL syntax; check the manual that corresponds to your MariaDB server version for the right syntax to use near '*) from users' at line 1
in SYSTEMPATH\Database\BaseConnection.php on line 646.
 1 APPPATH\Controllers\PostController.php(29): CodeIgniter\Database\BaseConnection->query('select count (*) from users')
 2 SYSTEMPATH\CodeIgniter.php(919): App\Controllers\PostController->ejercicio05()
 3 SYSTEMPATH\CodeIgniter.php(494): CodeIgniter\CodeIgniter->runController(Object(App\Controllers\PostController))
 4 SYSTEMPATH\CodeIgniter.php(353): CodeIgniter\CodeIgniter->handleRequest(null, Object(Config\Cache), false)
 5 FCPATH\index.php(79): CodeIgniter\CodeIgniter->run()
 6 SYSTEMPATH\Commands\Server\rewrite.php(47): require_once('C:\\Users\\Daniel Monfil\\Documents\\TEC INF \'\'A\'\'\\5TO SEMESTRE 2023\\Taller Base de Datos\\blogg_21te0390\\public\\index.php')
