ERROR - 2023-10-05 02:05:57 --> mysqli_sql_exception: You have an error in your SQL syntax; check the manual that corresponds to your MariaDB server version for the right syntax to use near '(ui.name, " ", ui.lastname) as "Nombre Completo"
from userinfo as ui
join u...' at line 1 in C:\Users\Daniel Monfil\Documents\TEC INF ''A''\5TO SEMESTRE 2023\Taller Base de Datos\blogg_21te0390\system\Database\MySQLi\Connection.php:306
Stack trace:
#0 C:\Users\Daniel Monfil\Documents\TEC INF ''A''\5TO SEMESTRE 2023\Taller Base de Datos\blogg_21te0390\system\Database\MySQLi\Connection.php(306): mysqli->query('\t\r\nselect p.tit...', 0)
#1 C:\Users\Daniel Monfil\Documents\TEC INF ''A''\5TO SEMESTRE 2023\Taller Base de Datos\blogg_21te0390\system\Database\BaseConnection.php(692): CodeIgniter\Database\MySQLi\Connection->execute('\t\r\nselect p.tit...')
#2 C:\Users\Daniel Monfil\Documents\TEC INF ''A''\5TO SEMESTRE 2023\Taller Base de Datos\blogg_21te0390\system\Database\BaseConnection.php(606): CodeIgniter\Database\BaseConnection->simpleQuery('\t\r\nselect p.tit...')
#3 C:\Users\Daniel Monfil\Documents\TEC INF ''A''\5TO SEMESTRE 2023\Taller Base de Datos\blogg_21te0390\app\Controllers\PostController.php(24): CodeIgniter\Database\BaseConnection->query('\t\r\nselect p.tit...')
#4 C:\Users\Daniel Monfil\Documents\TEC INF ''A''\5TO SEMESTRE 2023\Taller Base de Datos\blogg_21te0390\system\CodeIgniter.php(919): App\Controllers\PostController->ejercicio02()
#5 C:\Users\Daniel Monfil\Documents\TEC INF ''A''\5TO SEMESTRE 2023\Taller Base de Datos\blogg_21te0390\system\CodeIgniter.php(494): CodeIgniter\CodeIgniter->runController(Object(App\Controllers\PostController))
#6 C:\Users\Daniel Monfil\Documents\TEC INF ''A''\5TO SEMESTRE 2023\Taller Base de Datos\blogg_21te0390\system\CodeIgniter.php(353): CodeIgniter\CodeIgniter->handleRequest(NULL, Object(Config\Cache), false)
#7 C:\Users\Daniel Monfil\Documents\TEC INF ''A''\5TO SEMESTRE 2023\Taller Base de Datos\blogg_21te0390\public\index.php(79): CodeIgniter\CodeIgniter->run()
#8 C:\Users\Daniel Monfil\Documents\TEC INF ''A''\5TO SEMESTRE 2023\Taller Base de Datos\blogg_21te0390\system\Commands\Server\rewrite.php(47): require_once('C:\\Users\\Daniel...')
#9 {main}
CRITICAL - 2023-10-05 02:05:57 --> You have an error in your SQL syntax; check the manual that corresponds to your MariaDB server version for the right syntax to use near '(ui.name, " ", ui.lastname) as "Nombre Completo"
from userinfo as ui
join u...' at line 1
in SYSTEMPATH\Database\BaseConnection.php on line 646.
 1 APPPATH\Controllers\PostController.php(24): CodeIgniter\Database\BaseConnection->query('	
select p.title concat (ui.name, " ", ui.lastname) as "Nombre Completo"
from userinfo as ui
join users as u
on ui.id= ui.id
join posts as p on p.autor= ui.id limit 1;
')
 2 SYSTEMPATH\CodeIgniter.php(919): App\Controllers\PostController->ejercicio02()
 3 SYSTEMPATH\CodeIgniter.php(494): CodeIgniter\CodeIgniter->runController(Object(App\Controllers\PostController))
 4 SYSTEMPATH\CodeIgniter.php(353): CodeIgniter\CodeIgniter->handleRequest(null, Object(Config\Cache), false)
 5 FCPATH\index.php(79): CodeIgniter\CodeIgniter->run()
 6 SYSTEMPATH\Commands\Server\rewrite.php(47): require_once('C:\\Users\\Daniel Monfil\\Documents\\TEC INF \'\'A\'\'\\5TO SEMESTRE 2023\\Taller Base de Datos\\blogg_21te0390\\public\\index.php')
ERROR - 2023-10-05 02:06:08 --> mysqli_sql_exception: You have an error in your SQL syntax; check the manual that corresponds to your MariaDB server version for the right syntax to use near 'aquí va tu consulta' at line 1 in C:\Users\Daniel Monfil\Documents\TEC INF ''A''\5TO SEMESTRE 2023\Taller Base de Datos\blogg_21te0390\system\Database\MySQLi\Connection.php:306
Stack trace:
#0 C:\Users\Daniel Monfil\Documents\TEC INF ''A''\5TO SEMESTRE 2023\Taller Base de Datos\blogg_21te0390\system\Database\MySQLi\Connection.php(306): mysqli->query('aqu\xC3\xAD va tu con...', 0)
#1 C:\Users\Daniel Monfil\Documents\TEC INF ''A''\5TO SEMESTRE 2023\Taller Base de Datos\blogg_21te0390\system\Database\BaseConnection.php(692): CodeIgniter\Database\MySQLi\Connection->execute('aqu\xC3\xAD va tu con...')
#2 C:\Users\Daniel Monfil\Documents\TEC INF ''A''\5TO SEMESTRE 2023\Taller Base de Datos\blogg_21te0390\system\Database\BaseConnection.php(606): CodeIgniter\Database\BaseConnection->simpleQuery('aqu\xC3\xAD va tu con...')
#3 C:\Users\Daniel Monfil\Documents\TEC INF ''A''\5TO SEMESTRE 2023\Taller Base de Datos\blogg_21te0390\app\Controllers\PostController.php(67): CodeIgniter\Database\BaseConnection->query('aqu\xC3\xAD va tu con...')
#4 C:\Users\Daniel Monfil\Documents\TEC INF ''A''\5TO SEMESTRE 2023\Taller Base de Datos\blogg_21te0390\system\CodeIgniter.php(919): App\Controllers\PostController->ejercicio06()
#5 C:\Users\Daniel Monfil\Documents\TEC INF ''A''\5TO SEMESTRE 2023\Taller Base de Datos\blogg_21te0390\system\CodeIgniter.php(494): CodeIgniter\CodeIgniter->runController(Object(App\Controllers\PostController))
#6 C:\Users\Daniel Monfil\Documents\TEC INF ''A''\5TO SEMESTRE 2023\Taller Base de Datos\blogg_21te0390\system\CodeIgniter.php(353): CodeIgniter\CodeIgniter->handleRequest(NULL, Object(Config\Cache), false)
#7 C:\Users\Daniel Monfil\Documents\TEC INF ''A''\5TO SEMESTRE 2023\Taller Base de Datos\blogg_21te0390\public\index.php(79): CodeIgniter\CodeIgniter->run()
#8 C:\Users\Daniel Monfil\Documents\TEC INF ''A''\5TO SEMESTRE 2023\Taller Base de Datos\blogg_21te0390\system\Commands\Server\rewrite.php(47): require_once('C:\\Users\\Daniel...')
#9 {main}
CRITICAL - 2023-10-05 02:06:08 --> You have an error in your SQL syntax; check the manual that corresponds to your MariaDB server version for the right syntax to use near 'aquí va tu consulta' at line 1
in SYSTEMPATH\Database\BaseConnection.php on line 646.
 1 APPPATH\Controllers\PostController.php(67): CodeIgniter\Database\BaseConnection->query('aquí va tu consulta')
 2 SYSTEMPATH\CodeIgniter.php(919): App\Controllers\PostController->ejercicio06()
 3 SYSTEMPATH\CodeIgniter.php(494): CodeIgniter\CodeIgniter->runController(Object(App\Controllers\PostController))
 4 SYSTEMPATH\CodeIgniter.php(353): CodeIgniter\CodeIgniter->handleRequest(null, Object(Config\Cache), false)
 5 FCPATH\index.php(79): CodeIgniter\CodeIgniter->run()
 6 SYSTEMPATH\Commands\Server\rewrite.php(47): require_once('C:\\Users\\Daniel Monfil\\Documents\\TEC INF \'\'A\'\'\\5TO SEMESTRE 2023\\Taller Base de Datos\\blogg_21te0390\\public\\index.php')
ERROR - 2023-10-05 02:09:16 --> mysqli_sql_exception: You have an error in your SQL syntax; check the manual that corresponds to your MariaDB server version for the right syntax to use near 'aquí va tu consulta' at line 1 in C:\Users\Daniel Monfil\Documents\TEC INF ''A''\5TO SEMESTRE 2023\Taller Base de Datos\blogg_21te0390\system\Database\MySQLi\Connection.php:306
Stack trace:
#0 C:\Users\Daniel Monfil\Documents\TEC INF ''A''\5TO SEMESTRE 2023\Taller Base de Datos\blogg_21te0390\system\Database\MySQLi\Connection.php(306): mysqli->query('aqu\xC3\xAD va tu con...', 0)
#1 C:\Users\Daniel Monfil\Documents\TEC INF ''A''\5TO SEMESTRE 2023\Taller Base de Datos\blogg_21te0390\system\Database\BaseConnection.php(692): CodeIgniter\Database\MySQLi\Connection->execute('aqu\xC3\xAD va tu con...')
#2 C:\Users\Daniel Monfil\Documents\TEC INF ''A''\5TO SEMESTRE 2023\Taller Base de Datos\blogg_21te0390\system\Database\BaseConnection.php(606): CodeIgniter\Database\BaseConnection->simpleQuery('aqu\xC3\xAD va tu con...')
#3 C:\Users\Daniel Monfil\Documents\TEC INF ''A''\5TO SEMESTRE 2023\Taller Base de Datos\blogg_21te0390\app\Controllers\PostController.php(67): CodeIgniter\Database\BaseConnection->query('aqu\xC3\xAD va tu con...')
#4 C:\Users\Daniel Monfil\Documents\TEC INF ''A''\5TO SEMESTRE 2023\Taller Base de Datos\blogg_21te0390\system\CodeIgniter.php(919): App\Controllers\PostController->ejercicio06()
#5 C:\Users\Daniel Monfil\Documents\TEC INF ''A''\5TO SEMESTRE 2023\Taller Base de Datos\blogg_21te0390\system\CodeIgniter.php(494): CodeIgniter\CodeIgniter->runController(Object(App\Controllers\PostController))
#6 C:\Users\Daniel Monfil\Documents\TEC INF ''A''\5TO SEMESTRE 2023\Taller Base de Datos\blogg_21te0390\system\CodeIgniter.php(353): CodeIgniter\CodeIgniter->handleRequest(NULL, Object(Config\Cache), false)
#7 C:\Users\Daniel Monfil\Documents\TEC INF ''A''\5TO SEMESTRE 2023\Taller Base de Datos\blogg_21te0390\public\index.php(79): CodeIgniter\CodeIgniter->run()
#8 C:\Users\Daniel Monfil\Documents\TEC INF ''A''\5TO SEMESTRE 2023\Taller Base de Datos\blogg_21te0390\system\Commands\Server\rewrite.php(47): require_once('C:\\Users\\Daniel...')
#9 {main}
CRITICAL - 2023-10-05 02:09:16 --> You have an error in your SQL syntax; check the manual that corresponds to your MariaDB server version for the right syntax to use near 'aquí va tu consulta' at line 1
in SYSTEMPATH\Database\BaseConnection.php on line 646.
 1 APPPATH\Controllers\PostController.php(67): CodeIgniter\Database\BaseConnection->query('aquí va tu consulta')
 2 SYSTEMPATH\CodeIgniter.php(919): App\Controllers\PostController->ejercicio06()
 3 SYSTEMPATH\CodeIgniter.php(494): CodeIgniter\CodeIgniter->runController(Object(App\Controllers\PostController))
 4 SYSTEMPATH\CodeIgniter.php(353): CodeIgniter\CodeIgniter->handleRequest(null, Object(Config\Cache), false)
 5 FCPATH\index.php(79): CodeIgniter\CodeIgniter->run()
 6 SYSTEMPATH\Commands\Server\rewrite.php(47): require_once('C:\\Users\\Daniel Monfil\\Documents\\TEC INF \'\'A\'\'\\5TO SEMESTRE 2023\\Taller Base de Datos\\blogg_21te0390\\public\\index.php')
CRITICAL - 2023-10-05 02:11:05 --> Undefined variable $postsPorAutor
in APPPATH\Views\posts\ejercicio06.php on line 23.
 1 APPPATH\Views\posts\ejercicio06.php(23): CodeIgniter\Debug\Exceptions->errorHandler(2, 'Undefined variable $postsPorAutor', 'C:\\Users\\Daniel Monfil\\Documents\\TEC INF \'\'A\'\'\\5TO SEMESTRE 2023\\Taller Base de Datos\\blogg_21te0390\\app\\Views\\posts\\ejercicio06.php', 23)
 2 SYSTEMPATH\View\View.php(226): include('C:\\Users\\Daniel Monfil\\Documents\\TEC INF \'\'A\'\'\\5TO SEMESTRE 2023\\Taller Base de Datos\\blogg_21te0390\\app\\Views\\posts\\ejercicio06.php')
 3 SYSTEMPATH\View\View.php(229): CodeIgniter\View\View->CodeIgniter\View\{closure}()
 4 SYSTEMPATH\Common.php(1188): CodeIgniter\View\View->render('posts/ejercicio06', [], true)
 5 APPPATH\Controllers\PostController.php(74): view('posts/ejercicio06', [...])
 6 SYSTEMPATH\CodeIgniter.php(919): App\Controllers\PostController->ejercicio06()
 7 SYSTEMPATH\CodeIgniter.php(494): CodeIgniter\CodeIgniter->runController(Object(App\Controllers\PostController))
 8 SYSTEMPATH\CodeIgniter.php(353): CodeIgniter\CodeIgniter->handleRequest(null, Object(Config\Cache), false)
 9 FCPATH\index.php(79): CodeIgniter\CodeIgniter->run()
10 SYSTEMPATH\Commands\Server\rewrite.php(47): require_once('C:\\Users\\Daniel Monfil\\Documents\\TEC INF \'\'A\'\'\\5TO SEMESTRE 2023\\Taller Base de Datos\\blogg_21te0390\\public\\index.php')
ERROR - 2023-10-05 02:13:46 --> mysqli_sql_exception: You have an error in your SQL syntax; check the manual that corresponds to your MariaDB server version for the right syntax to use near 'aquí va tu consulta' at line 1 in C:\Users\Daniel Monfil\Documents\TEC INF ''A''\5TO SEMESTRE 2023\Taller Base de Datos\blogg_21te0390\system\Database\MySQLi\Connection.php:306
Stack trace:
#0 C:\Users\Daniel Monfil\Documents\TEC INF ''A''\5TO SEMESTRE 2023\Taller Base de Datos\blogg_21te0390\system\Database\MySQLi\Connection.php(306): mysqli->query('aqu\xC3\xAD va tu con...', 0)
#1 C:\Users\Daniel Monfil\Documents\TEC INF ''A''\5TO SEMESTRE 2023\Taller Base de Datos\blogg_21te0390\system\Database\BaseConnection.php(692): CodeIgniter\Database\MySQLi\Connection->execute('aqu\xC3\xAD va tu con...')
#2 C:\Users\Daniel Monfil\Documents\TEC INF ''A''\5TO SEMESTRE 2023\Taller Base de Datos\blogg_21te0390\system\Database\BaseConnection.php(606): CodeIgniter\Database\BaseConnection->simpleQuery('aqu\xC3\xAD va tu con...')
#3 C:\Users\Daniel Monfil\Documents\TEC INF ''A''\5TO SEMESTRE 2023\Taller Base de Datos\blogg_21te0390\app\Controllers\PostController.php(67): CodeIgniter\Database\BaseConnection->query('aqu\xC3\xAD va tu con...')
#4 C:\Users\Daniel Monfil\Documents\TEC INF ''A''\5TO SEMESTRE 2023\Taller Base de Datos\blogg_21te0390\system\CodeIgniter.php(919): App\Controllers\PostController->ejercicio06()
#5 C:\Users\Daniel Monfil\Documents\TEC INF ''A''\5TO SEMESTRE 2023\Taller Base de Datos\blogg_21te0390\system\CodeIgniter.php(494): CodeIgniter\CodeIgniter->runController(Object(App\Controllers\PostController))
#6 C:\Users\Daniel Monfil\Documents\TEC INF ''A''\5TO SEMESTRE 2023\Taller Base de Datos\blogg_21te0390\system\CodeIgniter.php(353): CodeIgniter\CodeIgniter->handleRequest(NULL, Object(Config\Cache), false)
#7 C:\Users\Daniel Monfil\Documents\TEC INF ''A''\5TO SEMESTRE 2023\Taller Base de Datos\blogg_21te0390\public\index.php(79): CodeIgniter\CodeIgniter->run()
#8 C:\Users\Daniel Monfil\Documents\TEC INF ''A''\5TO SEMESTRE 2023\Taller Base de Datos\blogg_21te0390\system\Commands\Server\rewrite.php(47): require_once('C:\\Users\\Daniel...')
#9 {main}
CRITICAL - 2023-10-05 02:13:46 --> You have an error in your SQL syntax; check the manual that corresponds to your MariaDB server version for the right syntax to use near 'aquí va tu consulta' at line 1
in SYSTEMPATH\Database\BaseConnection.php on line 646.
 1 APPPATH\Controllers\PostController.php(67): CodeIgniter\Database\BaseConnection->query('aquí va tu consulta')
 2 SYSTEMPATH\CodeIgniter.php(919): App\Controllers\PostController->ejercicio06()
 3 SYSTEMPATH\CodeIgniter.php(494): CodeIgniter\CodeIgniter->runController(Object(App\Controllers\PostController))
 4 SYSTEMPATH\CodeIgniter.php(353): CodeIgniter\CodeIgniter->handleRequest(null, Object(Config\Cache), false)
 5 FCPATH\index.php(79): CodeIgniter\CodeIgniter->run()
 6 SYSTEMPATH\Commands\Server\rewrite.php(47): require_once('C:\\Users\\Daniel Monfil\\Documents\\TEC INF \'\'A\'\'\\5TO SEMESTRE 2023\\Taller Base de Datos\\blogg_21te0390\\public\\index.php')
ERROR - 2023-10-05 02:14:06 --> mysqli_sql_exception: You have an error in your SQL syntax; check the manual that corresponds to your MariaDB server version for the right syntax to use near '(ui.name, " ", ui.lastname) as "Nombre Completo"
from userinfo as ui
join u...' at line 1 in C:\Users\Daniel Monfil\Documents\TEC INF ''A''\5TO SEMESTRE 2023\Taller Base de Datos\blogg_21te0390\system\Database\MySQLi\Connection.php:306
Stack trace:
#0 C:\Users\Daniel Monfil\Documents\TEC INF ''A''\5TO SEMESTRE 2023\Taller Base de Datos\blogg_21te0390\system\Database\MySQLi\Connection.php(306): mysqli->query('\t\r\nselect p.tit...', 0)
#1 C:\Users\Daniel Monfil\Documents\TEC INF ''A''\5TO SEMESTRE 2023\Taller Base de Datos\blogg_21te0390\system\Database\BaseConnection.php(692): CodeIgniter\Database\MySQLi\Connection->execute('\t\r\nselect p.tit...')
#2 C:\Users\Daniel Monfil\Documents\TEC INF ''A''\5TO SEMESTRE 2023\Taller Base de Datos\blogg_21te0390\system\Database\BaseConnection.php(606): CodeIgniter\Database\BaseConnection->simpleQuery('\t\r\nselect p.tit...')
#3 C:\Users\Daniel Monfil\Documents\TEC INF ''A''\5TO SEMESTRE 2023\Taller Base de Datos\blogg_21te0390\app\Controllers\PostController.php(24): CodeIgniter\Database\BaseConnection->query('\t\r\nselect p.tit...')
#4 C:\Users\Daniel Monfil\Documents\TEC INF ''A''\5TO SEMESTRE 2023\Taller Base de Datos\blogg_21te0390\system\CodeIgniter.php(919): App\Controllers\PostController->ejercicio02()
#5 C:\Users\Daniel Monfil\Documents\TEC INF ''A''\5TO SEMESTRE 2023\Taller Base de Datos\blogg_21te0390\system\CodeIgniter.php(494): CodeIgniter\CodeIgniter->runController(Object(App\Controllers\PostController))
#6 C:\Users\Daniel Monfil\Documents\TEC INF ''A''\5TO SEMESTRE 2023\Taller Base de Datos\blogg_21te0390\system\CodeIgniter.php(353): CodeIgniter\CodeIgniter->handleRequest(NULL, Object(Config\Cache), false)
#7 C:\Users\Daniel Monfil\Documents\TEC INF ''A''\5TO SEMESTRE 2023\Taller Base de Datos\blogg_21te0390\public\index.php(79): CodeIgniter\CodeIgniter->run()
#8 C:\Users\Daniel Monfil\Documents\TEC INF ''A''\5TO SEMESTRE 2023\Taller Base de Datos\blogg_21te0390\system\Commands\Server\rewrite.php(47): require_once('C:\\Users\\Daniel...')
#9 {main}
CRITICAL - 2023-10-05 02:14:06 --> You have an error in your SQL syntax; check the manual that corresponds to your MariaDB server version for the right syntax to use near '(ui.name, " ", ui.lastname) as "Nombre Completo"
from userinfo as ui
join u...' at line 1
in SYSTEMPATH\Database\BaseConnection.php on line 646.
 1 APPPATH\Controllers\PostController.php(24): CodeIgniter\Database\BaseConnection->query('	
select p.title concat (ui.name, " ", ui.lastname) as "Nombre Completo"
from userinfo as ui
join users as u
on ui.id= ui.id
join posts as p on p.autor= ui.id limit 1;
')
 2 SYSTEMPATH\CodeIgniter.php(919): App\Controllers\PostController->ejercicio02()
 3 SYSTEMPATH\CodeIgniter.php(494): CodeIgniter\CodeIgniter->runController(Object(App\Controllers\PostController))
 4 SYSTEMPATH\CodeIgniter.php(353): CodeIgniter\CodeIgniter->handleRequest(null, Object(Config\Cache), false)
 5 FCPATH\index.php(79): CodeIgniter\CodeIgniter->run()
 6 SYSTEMPATH\Commands\Server\rewrite.php(47): require_once('C:\\Users\\Daniel Monfil\\Documents\\TEC INF \'\'A\'\'\\5TO SEMESTRE 2023\\Taller Base de Datos\\blogg_21te0390\\public\\index.php')
ERROR - 2023-10-05 02:37:22 --> mysqli_sql_exception: Table 'blogg.categorias' doesn't exist in C:\Users\Daniel Monfil\Documents\TEC INF ''A''\5TO SEMESTRE 2023\Taller Base de Datos\blogg_21te0390\system\Database\MySQLi\Connection.php:306
Stack trace:
#0 C:\Users\Daniel Monfil\Documents\TEC INF ''A''\5TO SEMESTRE 2023\Taller Base de Datos\blogg_21te0390\system\Database\MySQLi\Connection.php(306): mysqli->query('SELECT\r\n    p.i...', 0)
#1 C:\Users\Daniel Monfil\Documents\TEC INF ''A''\5TO SEMESTRE 2023\Taller Base de Datos\blogg_21te0390\system\Database\BaseConnection.php(692): CodeIgniter\Database\MySQLi\Connection->execute('SELECT\r\n    p.i...')
#2 C:\Users\Daniel Monfil\Documents\TEC INF ''A''\5TO SEMESTRE 2023\Taller Base de Datos\blogg_21te0390\system\Database\BaseConnection.php(606): CodeIgniter\Database\BaseConnection->simpleQuery('SELECT\r\n    p.i...')
#3 C:\Users\Daniel Monfil\Documents\TEC INF ''A''\5TO SEMESTRE 2023\Taller Base de Datos\blogg_21te0390\app\Controllers\PostController.php(11): CodeIgniter\Database\BaseConnection->query('SELECT\r\n    p.i...')
#4 C:\Users\Daniel Monfil\Documents\TEC INF ''A''\5TO SEMESTRE 2023\Taller Base de Datos\blogg_21te0390\system\CodeIgniter.php(919): App\Controllers\PostController->ejercicio01()
#5 C:\Users\Daniel Monfil\Documents\TEC INF ''A''\5TO SEMESTRE 2023\Taller Base de Datos\blogg_21te0390\system\CodeIgniter.php(494): CodeIgniter\CodeIgniter->runController(Object(App\Controllers\PostController))
#6 C:\Users\Daniel Monfil\Documents\TEC INF ''A''\5TO SEMESTRE 2023\Taller Base de Datos\blogg_21te0390\system\CodeIgniter.php(353): CodeIgniter\CodeIgniter->handleRequest(NULL, Object(Config\Cache), false)
#7 C:\Users\Daniel Monfil\Documents\TEC INF ''A''\5TO SEMESTRE 2023\Taller Base de Datos\blogg_21te0390\public\index.php(79): CodeIgniter\CodeIgniter->run()
#8 C:\Users\Daniel Monfil\Documents\TEC INF ''A''\5TO SEMESTRE 2023\Taller Base de Datos\blogg_21te0390\system\Commands\Server\rewrite.php(47): require_once('C:\\Users\\Daniel...')
#9 {main}
CRITICAL - 2023-10-05 02:37:22 --> Table 'blogg.categorias' doesn't exist
in SYSTEMPATH\Database\BaseConnection.php on line 646.
 1 APPPATH\Controllers\PostController.php(11): CodeIgniter\Database\BaseConnection->query('SELECT
    p.id AS post_id,
    c.nombre AS categoria_nombre,
    u.nombre AS usuario_nombre
FROM
    posts p
JOIN
    categorias c ON p.categoria_id = c.id
JOIN
    usuarios u ON p.usuario_id = u.id
WHERE
    YEAR(p.fecha_publicacion) = 2023;
 ')
 2 SYSTEMPATH\CodeIgniter.php(919): App\Controllers\PostController->ejercicio01()
 3 SYSTEMPATH\CodeIgniter.php(494): CodeIgniter\CodeIgniter->runController(Object(App\Controllers\PostController))
 4 SYSTEMPATH\CodeIgniter.php(353): CodeIgniter\CodeIgniter->handleRequest(null, Object(Config\Cache), false)
 5 FCPATH\index.php(79): CodeIgniter\CodeIgniter->run()
 6 SYSTEMPATH\Commands\Server\rewrite.php(47): require_once('C:\\Users\\Daniel Monfil\\Documents\\TEC INF \'\'A\'\'\\5TO SEMESTRE 2023\\Taller Base de Datos\\blogg_21te0390\\public\\index.php')
ERROR - 2023-10-05 02:38:34 --> mysqli_sql_exception: Unknown column 'c.name' in 'field list' in C:\Users\Daniel Monfil\Documents\TEC INF ''A''\5TO SEMESTRE 2023\Taller Base de Datos\blogg_21te0390\system\Database\MySQLi\Connection.php:306
Stack trace:
#0 C:\Users\Daniel Monfil\Documents\TEC INF ''A''\5TO SEMESTRE 2023\Taller Base de Datos\blogg_21te0390\system\Database\MySQLi\Connection.php(306): mysqli->query('SELECT\r\n    p.i...', 0)
#1 C:\Users\Daniel Monfil\Documents\TEC INF ''A''\5TO SEMESTRE 2023\Taller Base de Datos\blogg_21te0390\system\Database\BaseConnection.php(692): CodeIgniter\Database\MySQLi\Connection->execute('SELECT\r\n    p.i...')
#2 C:\Users\Daniel Monfil\Documents\TEC INF ''A''\5TO SEMESTRE 2023\Taller Base de Datos\blogg_21te0390\system\Database\BaseConnection.php(606): CodeIgniter\Database\BaseConnection->simpleQuery('SELECT\r\n    p.i...')
#3 C:\Users\Daniel Monfil\Documents\TEC INF ''A''\5TO SEMESTRE 2023\Taller Base de Datos\blogg_21te0390\app\Controllers\PostController.php(11): CodeIgniter\Database\BaseConnection->query('SELECT\r\n    p.i...')
#4 C:\Users\Daniel Monfil\Documents\TEC INF ''A''\5TO SEMESTRE 2023\Taller Base de Datos\blogg_21te0390\system\CodeIgniter.php(919): App\Controllers\PostController->ejercicio01()
#5 C:\Users\Daniel Monfil\Documents\TEC INF ''A''\5TO SEMESTRE 2023\Taller Base de Datos\blogg_21te0390\system\CodeIgniter.php(494): CodeIgniter\CodeIgniter->runController(Object(App\Controllers\PostController))
#6 C:\Users\Daniel Monfil\Documents\TEC INF ''A''\5TO SEMESTRE 2023\Taller Base de Datos\blogg_21te0390\system\CodeIgniter.php(353): CodeIgniter\CodeIgniter->handleRequest(NULL, Object(Config\Cache), false)
#7 C:\Users\Daniel Monfil\Documents\TEC INF ''A''\5TO SEMESTRE 2023\Taller Base de Datos\blogg_21te0390\public\index.php(79): CodeIgniter\CodeIgniter->run()
#8 C:\Users\Daniel Monfil\Documents\TEC INF ''A''\5TO SEMESTRE 2023\Taller Base de Datos\blogg_21te0390\system\Commands\Server\rewrite.php(47): require_once('C:\\Users\\Daniel...')
#9 {main}
CRITICAL - 2023-10-05 02:38:34 --> Unknown column 'c.name' in 'field list'
in SYSTEMPATH\Database\BaseConnection.php on line 646.
 1 APPPATH\Controllers\PostController.php(11): CodeIgniter\Database\BaseConnection->query('SELECT
    p.id AS post_id,
    c.name AS category_name,
    u.name AS username
FROM
    posts p
JOIN
    categories c ON p.category_id = c.id
JOIN
    users u ON p.user_id = u.id
WHERE
    YEAR(p.created_at) = 2023;
 ')
 2 SYSTEMPATH\CodeIgniter.php(919): App\Controllers\PostController->ejercicio01()
 3 SYSTEMPATH\CodeIgniter.php(494): CodeIgniter\CodeIgniter->runController(Object(App\Controllers\PostController))
 4 SYSTEMPATH\CodeIgniter.php(353): CodeIgniter\CodeIgniter->handleRequest(null, Object(Config\Cache), false)
 5 FCPATH\index.php(79): CodeIgniter\CodeIgniter->run()
 6 SYSTEMPATH\Commands\Server\rewrite.php(47): require_once('C:\\Users\\Daniel Monfil\\Documents\\TEC INF \'\'A\'\'\\5TO SEMESTRE 2023\\Taller Base de Datos\\blogg_21te0390\\public\\index.php')
ERROR - 2023-10-05 02:38:51 --> mysqli_sql_exception: Unknown column 'u.name' in 'field list' in C:\Users\Daniel Monfil\Documents\TEC INF ''A''\5TO SEMESTRE 2023\Taller Base de Datos\blogg_21te0390\system\Database\MySQLi\Connection.php:306
Stack trace:
#0 C:\Users\Daniel Monfil\Documents\TEC INF ''A''\5TO SEMESTRE 2023\Taller Base de Datos\blogg_21te0390\system\Database\MySQLi\Connection.php(306): mysqli->query('SELECT\r\n    p.i...', 0)
#1 C:\Users\Daniel Monfil\Documents\TEC INF ''A''\5TO SEMESTRE 2023\Taller Base de Datos\blogg_21te0390\system\Database\BaseConnection.php(692): CodeIgniter\Database\MySQLi\Connection->execute('SELECT\r\n    p.i...')
#2 C:\Users\Daniel Monfil\Documents\TEC INF ''A''\5TO SEMESTRE 2023\Taller Base de Datos\blogg_21te0390\system\Database\BaseConnection.php(606): CodeIgniter\Database\BaseConnection->simpleQuery('SELECT\r\n    p.i...')
#3 C:\Users\Daniel Monfil\Documents\TEC INF ''A''\5TO SEMESTRE 2023\Taller Base de Datos\blogg_21te0390\app\Controllers\PostController.php(11): CodeIgniter\Database\BaseConnection->query('SELECT\r\n    p.i...')
#4 C:\Users\Daniel Monfil\Documents\TEC INF ''A''\5TO SEMESTRE 2023\Taller Base de Datos\blogg_21te0390\system\CodeIgniter.php(919): App\Controllers\PostController->ejercicio01()
#5 C:\Users\Daniel Monfil\Documents\TEC INF ''A''\5TO SEMESTRE 2023\Taller Base de Datos\blogg_21te0390\system\CodeIgniter.php(494): CodeIgniter\CodeIgniter->runController(Object(App\Controllers\PostController))
#6 C:\Users\Daniel Monfil\Documents\TEC INF ''A''\5TO SEMESTRE 2023\Taller Base de Datos\blogg_21te0390\system\CodeIgniter.php(353): CodeIgniter\CodeIgniter->handleRequest(NULL, Object(Config\Cache), false)
#7 C:\Users\Daniel Monfil\Documents\TEC INF ''A''\5TO SEMESTRE 2023\Taller Base de Datos\blogg_21te0390\public\index.php(79): CodeIgniter\CodeIgniter->run()
#8 C:\Users\Daniel Monfil\Documents\TEC INF ''A''\5TO SEMESTRE 2023\Taller Base de Datos\blogg_21te0390\system\Commands\Server\rewrite.php(47): require_once('C:\\Users\\Daniel...')
#9 {main}
CRITICAL - 2023-10-05 02:38:51 --> Unknown column 'u.name' in 'field list'
in SYSTEMPATH\Database\BaseConnection.php on line 646.
 1 APPPATH\Controllers\PostController.php(11): CodeIgniter\Database\BaseConnection->query('SELECT
    p.id AS post_id,
    c.category AS category,
    u.name AS username
FROM
    posts p
JOIN
    categories c ON p.category_id = c.id
JOIN
    users u ON p.user_id = u.id
WHERE
    YEAR(p.created_at) = 2023;
 ')
 2 SYSTEMPATH\CodeIgniter.php(919): App\Controllers\PostController->ejercicio01()
 3 SYSTEMPATH\CodeIgniter.php(494): CodeIgniter\CodeIgniter->runController(Object(App\Controllers\PostController))
 4 SYSTEMPATH\CodeIgniter.php(353): CodeIgniter\CodeIgniter->handleRequest(null, Object(Config\Cache), false)
 5 FCPATH\index.php(79): CodeIgniter\CodeIgniter->run()
 6 SYSTEMPATH\Commands\Server\rewrite.php(47): require_once('C:\\Users\\Daniel Monfil\\Documents\\TEC INF \'\'A\'\'\\5TO SEMESTRE 2023\\Taller Base de Datos\\blogg_21te0390\\public\\index.php')
ERROR - 2023-10-05 02:39:05 --> mysqli_sql_exception: You have an error in your SQL syntax; check the manual that corresponds to your MariaDB server version for the right syntax to use near '(ui.name, " ", ui.lastname) as "Nombre Completo"
from userinfo as ui
join u...' at line 1 in C:\Users\Daniel Monfil\Documents\TEC INF ''A''\5TO SEMESTRE 2023\Taller Base de Datos\blogg_21te0390\system\Database\MySQLi\Connection.php:306
Stack trace:
#0 C:\Users\Daniel Monfil\Documents\TEC INF ''A''\5TO SEMESTRE 2023\Taller Base de Datos\blogg_21te0390\system\Database\MySQLi\Connection.php(306): mysqli->query('\t\r\nselect p.tit...', 0)
#1 C:\Users\Daniel Monfil\Documents\TEC INF ''A''\5TO SEMESTRE 2023\Taller Base de Datos\blogg_21te0390\system\Database\BaseConnection.php(692): CodeIgniter\Database\MySQLi\Connection->execute('\t\r\nselect p.tit...')
#2 C:\Users\Daniel Monfil\Documents\TEC INF ''A''\5TO SEMESTRE 2023\Taller Base de Datos\blogg_21te0390\system\Database\BaseConnection.php(606): CodeIgniter\Database\BaseConnection->simpleQuery('\t\r\nselect p.tit...')
#3 C:\Users\Daniel Monfil\Documents\TEC INF ''A''\5TO SEMESTRE 2023\Taller Base de Datos\blogg_21te0390\app\Controllers\PostController.php(24): CodeIgniter\Database\BaseConnection->query('\t\r\nselect p.tit...')
#4 C:\Users\Daniel Monfil\Documents\TEC INF ''A''\5TO SEMESTRE 2023\Taller Base de Datos\blogg_21te0390\system\CodeIgniter.php(919): App\Controllers\PostController->ejercicio02()
#5 C:\Users\Daniel Monfil\Documents\TEC INF ''A''\5TO SEMESTRE 2023\Taller Base de Datos\blogg_21te0390\system\CodeIgniter.php(494): CodeIgniter\CodeIgniter->runController(Object(App\Controllers\PostController))
#6 C:\Users\Daniel Monfil\Documents\TEC INF ''A''\5TO SEMESTRE 2023\Taller Base de Datos\blogg_21te0390\system\CodeIgniter.php(353): CodeIgniter\CodeIgniter->handleRequest(NULL, Object(Config\Cache), false)
#7 C:\Users\Daniel Monfil\Documents\TEC INF ''A''\5TO SEMESTRE 2023\Taller Base de Datos\blogg_21te0390\public\index.php(79): CodeIgniter\CodeIgniter->run()
#8 C:\Users\Daniel Monfil\Documents\TEC INF ''A''\5TO SEMESTRE 2023\Taller Base de Datos\blogg_21te0390\system\Commands\Server\rewrite.php(47): require_once('C:\\Users\\Daniel...')
#9 {main}
CRITICAL - 2023-10-05 02:39:05 --> You have an error in your SQL syntax; check the manual that corresponds to your MariaDB server version for the right syntax to use near '(ui.name, " ", ui.lastname) as "Nombre Completo"
from userinfo as ui
join u...' at line 1
in SYSTEMPATH\Database\BaseConnection.php on line 646.
 1 APPPATH\Controllers\PostController.php(24): CodeIgniter\Database\BaseConnection->query('	
select p.title concat (ui.name, " ", ui.lastname) as "Nombre Completo"
from userinfo as ui
join users as u
on ui.id= ui.id
join posts as p on p.autor= ui.id limit 1;
')
 2 SYSTEMPATH\CodeIgniter.php(919): App\Controllers\PostController->ejercicio02()
 3 SYSTEMPATH\CodeIgniter.php(494): CodeIgniter\CodeIgniter->runController(Object(App\Controllers\PostController))
 4 SYSTEMPATH\CodeIgniter.php(353): CodeIgniter\CodeIgniter->handleRequest(null, Object(Config\Cache), false)
 5 FCPATH\index.php(79): CodeIgniter\CodeIgniter->run()
 6 SYSTEMPATH\Commands\Server\rewrite.php(47): require_once('C:\\Users\\Daniel Monfil\\Documents\\TEC INF \'\'A\'\'\\5TO SEMESTRE 2023\\Taller Base de Datos\\blogg_21te0390\\public\\index.php')
ERROR - 2023-10-05 02:39:14 --> mysqli_sql_exception: You have an error in your SQL syntax; check the manual that corresponds to your MariaDB server version for the right syntax to use near 'aquí va tu consulta' at line 1 in C:\Users\Daniel Monfil\Documents\TEC INF ''A''\5TO SEMESTRE 2023\Taller Base de Datos\blogg_21te0390\system\Database\MySQLi\Connection.php:306
Stack trace:
#0 C:\Users\Daniel Monfil\Documents\TEC INF ''A''\5TO SEMESTRE 2023\Taller Base de Datos\blogg_21te0390\system\Database\MySQLi\Connection.php(306): mysqli->query('aqu\xC3\xAD va tu con...', 0)
#1 C:\Users\Daniel Monfil\Documents\TEC INF ''A''\5TO SEMESTRE 2023\Taller Base de Datos\blogg_21te0390\system\Database\BaseConnection.php(692): CodeIgniter\Database\MySQLi\Connection->execute('aqu\xC3\xAD va tu con...')
#2 C:\Users\Daniel Monfil\Documents\TEC INF ''A''\5TO SEMESTRE 2023\Taller Base de Datos\blogg_21te0390\system\Database\BaseConnection.php(606): CodeIgniter\Database\BaseConnection->simpleQuery('aqu\xC3\xAD va tu con...')
#3 C:\Users\Daniel Monfil\Documents\TEC INF ''A''\5TO SEMESTRE 2023\Taller Base de Datos\blogg_21te0390\app\Controllers\PostController.php(67): CodeIgniter\Database\BaseConnection->query('aqu\xC3\xAD va tu con...')
#4 C:\Users\Daniel Monfil\Documents\TEC INF ''A''\5TO SEMESTRE 2023\Taller Base de Datos\blogg_21te0390\system\CodeIgniter.php(919): App\Controllers\PostController->ejercicio06()
#5 C:\Users\Daniel Monfil\Documents\TEC INF ''A''\5TO SEMESTRE 2023\Taller Base de Datos\blogg_21te0390\system\CodeIgniter.php(494): CodeIgniter\CodeIgniter->runController(Object(App\Controllers\PostController))
#6 C:\Users\Daniel Monfil\Documents\TEC INF ''A''\5TO SEMESTRE 2023\Taller Base de Datos\blogg_21te0390\system\CodeIgniter.php(353): CodeIgniter\CodeIgniter->handleRequest(NULL, Object(Config\Cache), false)
#7 C:\Users\Daniel Monfil\Documents\TEC INF ''A''\5TO SEMESTRE 2023\Taller Base de Datos\blogg_21te0390\public\index.php(79): CodeIgniter\CodeIgniter->run()
#8 C:\Users\Daniel Monfil\Documents\TEC INF ''A''\5TO SEMESTRE 2023\Taller Base de Datos\blogg_21te0390\system\Commands\Server\rewrite.php(47): require_once('C:\\Users\\Daniel...')
#9 {main}
CRITICAL - 2023-10-05 02:39:14 --> You have an error in your SQL syntax; check the manual that corresponds to your MariaDB server version for the right syntax to use near 'aquí va tu consulta' at line 1
in SYSTEMPATH\Database\BaseConnection.php on line 646.
 1 APPPATH\Controllers\PostController.php(67): CodeIgniter\Database\BaseConnection->query('aquí va tu consulta')
 2 SYSTEMPATH\CodeIgniter.php(919): App\Controllers\PostController->ejercicio06()
 3 SYSTEMPATH\CodeIgniter.php(494): CodeIgniter\CodeIgniter->runController(Object(App\Controllers\PostController))
 4 SYSTEMPATH\CodeIgniter.php(353): CodeIgniter\CodeIgniter->handleRequest(null, Object(Config\Cache), false)
 5 FCPATH\index.php(79): CodeIgniter\CodeIgniter->run()
 6 SYSTEMPATH\Commands\Server\rewrite.php(47): require_once('C:\\Users\\Daniel Monfil\\Documents\\TEC INF \'\'A\'\'\\5TO SEMESTRE 2023\\Taller Base de Datos\\blogg_21te0390\\public\\index.php')
ERROR - 2023-10-05 02:39:24 --> mysqli_sql_exception: You have an error in your SQL syntax; check the manual that corresponds to your MariaDB server version for the right syntax to use near '(ui.name, " ", ui.lastname) as "Nombre Completo"
from userinfo as ui
join u...' at line 1 in C:\Users\Daniel Monfil\Documents\TEC INF ''A''\5TO SEMESTRE 2023\Taller Base de Datos\blogg_21te0390\system\Database\MySQLi\Connection.php:306
Stack trace:
#0 C:\Users\Daniel Monfil\Documents\TEC INF ''A''\5TO SEMESTRE 2023\Taller Base de Datos\blogg_21te0390\system\Database\MySQLi\Connection.php(306): mysqli->query('\t\r\nselect p.tit...', 0)
#1 C:\Users\Daniel Monfil\Documents\TEC INF ''A''\5TO SEMESTRE 2023\Taller Base de Datos\blogg_21te0390\system\Database\BaseConnection.php(692): CodeIgniter\Database\MySQLi\Connection->execute('\t\r\nselect p.tit...')
#2 C:\Users\Daniel Monfil\Documents\TEC INF ''A''\5TO SEMESTRE 2023\Taller Base de Datos\blogg_21te0390\system\Database\BaseConnection.php(606): CodeIgniter\Database\BaseConnection->simpleQuery('\t\r\nselect p.tit...')
#3 C:\Users\Daniel Monfil\Documents\TEC INF ''A''\5TO SEMESTRE 2023\Taller Base de Datos\blogg_21te0390\app\Controllers\PostController.php(24): CodeIgniter\Database\BaseConnection->query('\t\r\nselect p.tit...')
#4 C:\Users\Daniel Monfil\Documents\TEC INF ''A''\5TO SEMESTRE 2023\Taller Base de Datos\blogg_21te0390\system\CodeIgniter.php(919): App\Controllers\PostController->ejercicio02()
#5 C:\Users\Daniel Monfil\Documents\TEC INF ''A''\5TO SEMESTRE 2023\Taller Base de Datos\blogg_21te0390\system\CodeIgniter.php(494): CodeIgniter\CodeIgniter->runController(Object(App\Controllers\PostController))
#6 C:\Users\Daniel Monfil\Documents\TEC INF ''A''\5TO SEMESTRE 2023\Taller Base de Datos\blogg_21te0390\system\CodeIgniter.php(353): CodeIgniter\CodeIgniter->handleRequest(NULL, Object(Config\Cache), false)
#7 C:\Users\Daniel Monfil\Documents\TEC INF ''A''\5TO SEMESTRE 2023\Taller Base de Datos\blogg_21te0390\public\index.php(79): CodeIgniter\CodeIgniter->run()
#8 C:\Users\Daniel Monfil\Documents\TEC INF ''A''\5TO SEMESTRE 2023\Taller Base de Datos\blogg_21te0390\system\Commands\Server\rewrite.php(47): require_once('C:\\Users\\Daniel...')
#9 {main}
CRITICAL - 2023-10-05 02:39:24 --> You have an error in your SQL syntax; check the manual that corresponds to your MariaDB server version for the right syntax to use near '(ui.name, " ", ui.lastname) as "Nombre Completo"
from userinfo as ui
join u...' at line 1
in SYSTEMPATH\Database\BaseConnection.php on line 646.
 1 APPPATH\Controllers\PostController.php(24): CodeIgniter\Database\BaseConnection->query('	
select p.title concat (ui.name, " ", ui.lastname) as "Nombre Completo"
from userinfo as ui
join users as u
on ui.id= ui.id
join posts as p on p.autor= ui.id limit 1;
')
 2 SYSTEMPATH\CodeIgniter.php(919): App\Controllers\PostController->ejercicio02()
 3 SYSTEMPATH\CodeIgniter.php(494): CodeIgniter\CodeIgniter->runController(Object(App\Controllers\PostController))
 4 SYSTEMPATH\CodeIgniter.php(353): CodeIgniter\CodeIgniter->handleRequest(null, Object(Config\Cache), false)
 5 FCPATH\index.php(79): CodeIgniter\CodeIgniter->run()
 6 SYSTEMPATH\Commands\Server\rewrite.php(47): require_once('C:\\Users\\Daniel Monfil\\Documents\\TEC INF \'\'A\'\'\\5TO SEMESTRE 2023\\Taller Base de Datos\\blogg_21te0390\\public\\index.php')
